{"/Users/tomascarrie/TDS-Final/users/src/middlewares/authenticate.js": {"path":"/Users/tomascarrie/TDS-Final/users/src/middlewares/authenticate.js","statementMap":{"0":{"start":{"line":1,"column":12},"end":{"line":1,"column":35}},"1":{"start":{"line":2,"column":16},"end":{"line":2,"column":40}},"2":{"start":{"line":3,"column":21},"end":{"line":3,"column":46}},"3":{"start":{"line":4,"column":24},"end":{"line":4,"column":50}},"4":{"start":{"line":7,"column":21},"end":{"line":7,"column":49}},"5":{"start":{"line":8,"column":16},"end":{"line":10,"column":10}},"6":{"start":{"line":12,"column":2},"end":{"line":14,"column":3}},"7":{"start":{"line":13,"column":4},"end":{"line":13,"column":71}},"8":{"start":{"line":16,"column":2},"end":{"line":33,"column":3}},"9":{"start":{"line":17,"column":20},"end":{"line":17,"column":53}},"10":{"start":{"line":20,"column":4},"end":{"line":27,"column":5}},"11":{"start":{"line":21,"column":29},"end":{"line":21,"column":76}},"12":{"start":{"line":22,"column":6},"end":{"line":24,"column":7}},"13":{"start":{"line":23,"column":8},"end":{"line":23,"column":105}},"14":{"start":{"line":29,"column":4},"end":{"line":29,"column":23}},"15":{"start":{"line":30,"column":4},"end":{"line":30,"column":11}},"16":{"start":{"line":32,"column":4},"end":{"line":32,"column":57}},"17":{"start":{"line":36,"column":0},"end":{"line":36,"column":34}}},"fnMap":{"0":{"name":"authenticate","decl":{"start":{"line":6,"column":15},"end":{"line":6,"column":27}},"loc":{"start":{"line":6,"column":44},"end":{"line":34,"column":1}},"line":6}},"branchMap":{"0":{"loc":{"start":{"line":8,"column":16},"end":{"line":10,"column":10}},"type":"cond-expr","locations":[{"start":{"line":9,"column":6},"end":{"line":9,"column":25}},{"start":{"line":10,"column":6},"end":{"line":10,"column":10}}],"line":8},"1":{"loc":{"start":{"line":8,"column":16},"end":{"line":8,"column":62}},"type":"binary-expr","locations":[{"start":{"line":8,"column":16},"end":{"line":8,"column":26}},{"start":{"line":8,"column":30},"end":{"line":8,"column":62}}],"line":8},"2":{"loc":{"start":{"line":12,"column":2},"end":{"line":14,"column":3}},"type":"if","locations":[{"start":{"line":12,"column":2},"end":{"line":14,"column":3}},{"start":{},"end":{}}],"line":12},"3":{"loc":{"start":{"line":22,"column":6},"end":{"line":24,"column":7}},"type":"if","locations":[{"start":{"line":22,"column":6},"end":{"line":24,"column":7}},{"start":{},"end":{}}],"line":22},"4":{"loc":{"start":{"line":22,"column":10},"end":{"line":22,"column":89}},"type":"binary-expr","locations":[{"start":{"line":22,"column":10},"end":{"line":22,"column":33}},{"start":{"line":22,"column":37},"end":{"line":22,"column":89}}],"line":22}},"s":{"0":1,"1":1,"2":1,"3":1,"4":41,"5":41,"6":41,"7":6,"8":35,"9":35,"10":33,"11":33,"12":32,"13":0,"14":33,"15":33,"16":2,"17":1},"f":{"0":41},"b":{"0":[35,6],"1":[41,35],"2":[6,35],"3":[0,32],"4":[32,0]},"_coverageSchema":"1a1c01bbd47fc00a2c39e90264f33305004495a9","hash":"5de6c4d9cdc6740d9a23d84f71fdaefaeacd6a3a"}
,"/Users/tomascarrie/TDS-Final/users/src/modules/auth/auth.controller.js": {"path":"/Users/tomascarrie/TDS-Final/users/src/modules/auth/auth.controller.js","statementMap":{"0":{"start":{"line":1,"column":24},"end":{"line":1,"column":49}},"1":{"start":{"line":3,"column":23},"end":{"line":250,"column":1}},"2":{"start":{"line":5,"column":4},"end":{"line":18,"column":5}},"3":{"start":{"line":6,"column":50},"end":{"line":6,"column":83}},"4":{"start":{"line":10,"column":6},"end":{"line":15,"column":9}},"5":{"start":{"line":17,"column":6},"end":{"line":17,"column":16}},"6":{"start":{"line":22,"column":4},"end":{"line":32,"column":5}},"7":{"start":{"line":23,"column":20},"end":{"line":23,"column":41}},"8":{"start":{"line":24,"column":6},"end":{"line":26,"column":7}},"9":{"start":{"line":25,"column":8},"end":{"line":25,"column":74}},"10":{"start":{"line":28,"column":47},"end":{"line":28,"column":84}},"11":{"start":{"line":29,"column":6},"end":{"line":29,"column":75}},"12":{"start":{"line":31,"column":6},"end":{"line":31,"column":16}},"13":{"start":{"line":36,"column":4},"end":{"line":42,"column":5}},"14":{"start":{"line":37,"column":40},"end":{"line":37,"column":48}},"15":{"start":{"line":38,"column":21},"end":{"line":38,"column":82}},"16":{"start":{"line":39,"column":6},"end":{"line":39,"column":35}},"17":{"start":{"line":41,"column":6},"end":{"line":41,"column":16}},"18":{"start":{"line":46,"column":4},"end":{"line":51,"column":5}},"19":{"start":{"line":47,"column":21},"end":{"line":47,"column":62}},"20":{"start":{"line":48,"column":6},"end":{"line":48,"column":35}},"21":{"start":{"line":50,"column":6},"end":{"line":50,"column":16}},"22":{"start":{"line":55,"column":4},"end":{"line":61,"column":5}},"23":{"start":{"line":56,"column":27},"end":{"line":56,"column":48}},"24":{"start":{"line":57,"column":21},"end":{"line":57,"column":73}},"25":{"start":{"line":58,"column":6},"end":{"line":58,"column":35}},"26":{"start":{"line":60,"column":6},"end":{"line":60,"column":16}},"27":{"start":{"line":65,"column":4},"end":{"line":218,"column":5}},"28":{"start":{"line":66,"column":20},"end":{"line":66,"column":38}},"29":{"start":{"line":67,"column":24},"end":{"line":67,"column":46}},"30":{"start":{"line":68,"column":6},"end":{"line":68,"column":48}},"31":{"start":{"line":70,"column":27},"end":{"line":70,"column":69}},"32":{"start":{"line":72,"column":23},"end":{"line":72,"column":95}},"33":{"start":{"line":74,"column":6},"end":{"line":196,"column":9}},"34":{"start":{"line":198,"column":6},"end":{"line":217,"column":9}},"35":{"start":{"line":223,"column":4},"end":{"line":229,"column":5}},"36":{"start":{"line":224,"column":21},"end":{"line":224,"column":33}},"37":{"start":{"line":225,"column":21},"end":{"line":225,"column":71}},"38":{"start":{"line":226,"column":6},"end":{"line":226,"column":35}},"39":{"start":{"line":228,"column":6},"end":{"line":228,"column":16}},"40":{"start":{"line":233,"column":4},"end":{"line":239,"column":5}},"41":{"start":{"line":234,"column":20},"end":{"line":234,"column":38}},"42":{"start":{"line":235,"column":6},"end":{"line":235,"column":43}},"43":{"start":{"line":236,"column":6},"end":{"line":236,"column":100}},"44":{"start":{"line":238,"column":6},"end":{"line":238,"column":16}},"45":{"start":{"line":243,"column":4},"end":{"line":248,"column":5}},"46":{"start":{"line":244,"column":21},"end":{"line":244,"column":78}},"47":{"start":{"line":245,"column":6},"end":{"line":245,"column":35}},"48":{"start":{"line":247,"column":6},"end":{"line":247,"column":16}},"49":{"start":{"line":252,"column":0},"end":{"line":252,"column":36}}},"fnMap":{"0":{"name":"(anonymous_0)","decl":{"start":{"line":4,"column":2},"end":{"line":4,"column":3}},"loc":{"start":{"line":4,"column":30},"end":{"line":19,"column":3}},"line":4},"1":{"name":"(anonymous_1)","decl":{"start":{"line":21,"column":2},"end":{"line":21,"column":3}},"loc":{"start":{"line":21,"column":32},"end":{"line":33,"column":3}},"line":21},"2":{"name":"(anonymous_2)","decl":{"start":{"line":35,"column":2},"end":{"line":35,"column":3}},"loc":{"start":{"line":35,"column":39},"end":{"line":43,"column":3}},"line":35},"3":{"name":"(anonymous_3)","decl":{"start":{"line":45,"column":2},"end":{"line":45,"column":3}},"loc":{"start":{"line":45,"column":38},"end":{"line":52,"column":3}},"line":45},"4":{"name":"(anonymous_4)","decl":{"start":{"line":54,"column":2},"end":{"line":54,"column":3}},"loc":{"start":{"line":54,"column":31},"end":{"line":62,"column":3}},"line":54},"5":{"name":"(anonymous_5)","decl":{"start":{"line":64,"column":2},"end":{"line":64,"column":3}},"loc":{"start":{"line":64,"column":41},"end":{"line":219,"column":3}},"line":64},"6":{"name":"(anonymous_6)","decl":{"start":{"line":222,"column":2},"end":{"line":222,"column":3}},"loc":{"start":{"line":222,"column":39},"end":{"line":230,"column":3}},"line":222},"7":{"name":"(anonymous_7)","decl":{"start":{"line":232,"column":2},"end":{"line":232,"column":3}},"loc":{"start":{"line":232,"column":36},"end":{"line":240,"column":3}},"line":232},"8":{"name":"(anonymous_8)","decl":{"start":{"line":242,"column":2},"end":{"line":242,"column":3}},"loc":{"start":{"line":242,"column":43},"end":{"line":249,"column":3}},"line":242}},"branchMap":{"0":{"loc":{"start":{"line":24,"column":6},"end":{"line":26,"column":7}},"type":"if","locations":[{"start":{"line":24,"column":6},"end":{"line":26,"column":7}},{"start":{},"end":{}}],"line":24},"1":{"loc":{"start":{"line":70,"column":27},"end":{"line":70,"column":69}},"type":"binary-expr","locations":[{"start":{"line":70,"column":27},"end":{"line":70,"column":36}},{"start":{"line":70,"column":40},"end":{"line":70,"column":69}}],"line":70},"2":{"loc":{"start":{"line":72,"column":41},"end":{"line":72,"column":79}},"type":"cond-expr","locations":[{"start":{"line":72,"column":70},"end":{"line":72,"column":73}},{"start":{"line":72,"column":76},"end":{"line":72,"column":79}}],"line":72},"3":{"loc":{"start":{"line":212,"column":19},"end":{"line":212,"column":73}},"type":"binary-expr","locations":[{"start":{"line":212,"column":19},"end":{"line":212,"column":30}},{"start":{"line":212,"column":34},"end":{"line":212,"column":73}}],"line":212}},"s":{"0":1,"1":1,"2":23,"3":23,"4":10,"5":13,"6":7,"7":7,"8":7,"9":1,"10":6,"11":2,"12":4,"13":4,"14":4,"15":4,"16":4,"17":0,"18":4,"19":4,"20":1,"21":3,"22":3,"23":3,"24":3,"25":3,"26":0,"27":0,"28":0,"29":0,"30":0,"31":0,"32":0,"33":0,"34":0,"35":8,"36":8,"37":8,"38":2,"39":6,"40":4,"41":4,"42":4,"43":2,"44":2,"45":3,"46":3,"47":3,"48":0,"49":1},"f":{"0":23,"1":7,"2":4,"3":4,"4":3,"5":0,"6":8,"7":4,"8":3},"b":{"0":[1,6],"1":[0,0],"2":[0,0],"3":[0,0]},"_coverageSchema":"1a1c01bbd47fc00a2c39e90264f33305004495a9","hash":"1bd04c41318963382f99dae3fe0e4fe71832dbd3"}
,"/Users/tomascarrie/TDS-Final/users/src/modules/auth/auth.routes.js": {"path":"/Users/tomascarrie/TDS-Final/users/src/modules/auth/auth.routes.js","statementMap":{"0":{"start":{"line":1,"column":19},"end":{"line":1,"column":37}},"1":{"start":{"line":2,"column":27},"end":{"line":2,"column":55}},"2":{"start":{"line":3,"column":21},"end":{"line":3,"column":58}},"3":{"start":{"line":4,"column":115},"end":{"line":4,"column":140}},"4":{"start":{"line":5,"column":25},"end":{"line":5,"column":66}},"5":{"start":{"line":7,"column":15},"end":{"line":7,"column":23}},"6":{"start":{"line":10,"column":0},"end":{"line":10,"column":67}},"7":{"start":{"line":13,"column":0},"end":{"line":13,"column":95}},"8":{"start":{"line":16,"column":0},"end":{"line":16,"column":92}},"9":{"start":{"line":19,"column":0},"end":{"line":19,"column":63}},"10":{"start":{"line":22,"column":0},"end":{"line":22,"column":48}},"11":{"start":{"line":25,"column":0},"end":{"line":25,"column":109}},"12":{"start":{"line":27,"column":0},"end":{"line":27,"column":60}},"13":{"start":{"line":30,"column":0},"end":{"line":30,"column":56}},"14":{"start":{"line":33,"column":0},"end":{"line":37,"column":2}},"15":{"start":{"line":38,"column":1},"end":{"line":38,"column":25}}},"fnMap":{},"branchMap":{},"s":{"0":1,"1":1,"2":1,"3":1,"4":1,"5":1,"6":1,"7":1,"8":1,"9":1,"10":1,"11":1,"12":1,"13":1,"14":1,"15":1},"f":{},"b":{},"_coverageSchema":"1a1c01bbd47fc00a2c39e90264f33305004495a9","hash":"889b15645dd642debacbc8c1da244380728c99f3"}
,"/Users/tomascarrie/TDS-Final/users/src/modules/auth/auth.service.js": {"path":"/Users/tomascarrie/TDS-Final/users/src/modules/auth/auth.service.js","statementMap":{"0":{"start":{"line":1,"column":23},"end":{"line":1,"column":38}},"1":{"start":{"line":2,"column":15},"end":{"line":2,"column":34}},"2":{"start":{"line":3,"column":12},"end":{"line":3,"column":35}},"3":{"start":{"line":4,"column":27},"end":{"line":4,"column":62}},"4":{"start":{"line":5,"column":32},"end":{"line":5,"column":76}},"5":{"start":{"line":7,"column":84},"end":{"line":7,"column":114}},"6":{"start":{"line":8,"column":21},"end":{"line":8,"column":62}},"7":{"start":{"line":9,"column":16},"end":{"line":9,"column":43}},"8":{"start":{"line":10,"column":24},"end":{"line":10,"column":53}},"9":{"start":{"line":11,"column":19},"end":{"line":11,"column":56}},"10":{"start":{"line":13,"column":24},"end":{"line":13,"column":31}},"11":{"start":{"line":16,"column":2},"end":{"line":17,"column":81}},"12":{"start":{"line":17,"column":20},"end":{"line":17,"column":79}},"13":{"start":{"line":20,"column":27},"end":{"line":20,"column":29}},"14":{"start":{"line":23,"column":15},"end":{"line":23,"column":25}},"15":{"start":{"line":24,"column":2},"end":{"line":24,"column":54}},"16":{"start":{"line":25,"column":2},"end":{"line":25,"column":14}},"17":{"start":{"line":27,"column":29},"end":{"line":27,"column":52}},"18":{"start":{"line":29,"column":20},"end":{"line":326,"column":1}},"19":{"start":{"line":32,"column":15},"end":{"line":32,"column":19}},"20":{"start":{"line":33,"column":4},"end":{"line":37,"column":5}},"21":{"start":{"line":34,"column":6},"end":{"line":34,"column":72}},"22":{"start":{"line":36,"column":6},"end":{"line":36,"column":75}},"23":{"start":{"line":40,"column":4},"end":{"line":44,"column":5}},"24":{"start":{"line":42,"column":6},"end":{"line":42,"column":97}},"25":{"start":{"line":43,"column":6},"end":{"line":43,"column":56}},"26":{"start":{"line":47,"column":4},"end":{"line":50,"column":5}},"27":{"start":{"line":48,"column":6},"end":{"line":48,"column":117}},"28":{"start":{"line":49,"column":6},"end":{"line":49,"column":51}},"29":{"start":{"line":53,"column":4},"end":{"line":60,"column":5}},"30":{"start":{"line":54,"column":6},"end":{"line":57,"column":7}},"31":{"start":{"line":55,"column":8},"end":{"line":55,"column":149}},"32":{"start":{"line":56,"column":8},"end":{"line":56,"column":151}},"33":{"start":{"line":59,"column":6},"end":{"line":59,"column":56}},"34":{"start":{"line":63,"column":4},"end":{"line":66,"column":5}},"35":{"start":{"line":64,"column":6},"end":{"line":64,"column":118}},"36":{"start":{"line":65,"column":6},"end":{"line":65,"column":112}},"37":{"start":{"line":68,"column":26},"end":{"line":68,"column":76}},"38":{"start":{"line":69,"column":4},"end":{"line":74,"column":5}},"39":{"start":{"line":71,"column":6},"end":{"line":71,"column":63}},"40":{"start":{"line":72,"column":6},"end":{"line":72,"column":114}},"41":{"start":{"line":73,"column":6},"end":{"line":73,"column":56}},"42":{"start":{"line":77,"column":4},"end":{"line":77,"column":54}},"43":{"start":{"line":78,"column":4},"end":{"line":78,"column":50}},"44":{"start":{"line":81,"column":24},"end":{"line":85,"column":5}},"45":{"start":{"line":88,"column":25},"end":{"line":88,"column":33}},"46":{"start":{"line":89,"column":29},"end":{"line":89,"column":72}},"47":{"start":{"line":90,"column":4},"end":{"line":90,"column":85}},"48":{"start":{"line":93,"column":24},"end":{"line":93,"column":69}},"49":{"start":{"line":95,"column":4},"end":{"line":95,"column":88}},"50":{"start":{"line":97,"column":4},"end":{"line":109,"column":6}},"51":{"start":{"line":114,"column":15},"end":{"line":114,"column":73}},"52":{"start":{"line":115,"column":4},"end":{"line":117,"column":5}},"53":{"start":{"line":116,"column":6},"end":{"line":116,"column":75}},"54":{"start":{"line":120,"column":27},"end":{"line":120,"column":118}},"55":{"start":{"line":122,"column":4},"end":{"line":124,"column":5}},"56":{"start":{"line":123,"column":6},"end":{"line":123,"column":41}},"57":{"start":{"line":127,"column":29},"end":{"line":127,"column":30}},"58":{"start":{"line":128,"column":4},"end":{"line":131,"column":5}},"59":{"start":{"line":130,"column":6},"end":{"line":130,"column":41}},"60":{"start":{"line":134,"column":18},"end":{"line":134,"column":26}},"61":{"start":{"line":135,"column":22},"end":{"line":135,"column":32}},"62":{"start":{"line":136,"column":4},"end":{"line":136,"column":54}},"63":{"start":{"line":138,"column":4},"end":{"line":138,"column":77}},"64":{"start":{"line":139,"column":4},"end":{"line":139,"column":57}},"65":{"start":{"line":141,"column":4},"end":{"line":143,"column":6}},"66":{"start":{"line":142,"column":6},"end":{"line":142,"column":64}},"67":{"start":{"line":145,"column":4},"end":{"line":145,"column":39}},"68":{"start":{"line":150,"column":4},"end":{"line":152,"column":5}},"69":{"start":{"line":151,"column":6},"end":{"line":151,"column":62}},"70":{"start":{"line":155,"column":17},"end":{"line":155,"column":69}},"71":{"start":{"line":156,"column":4},"end":{"line":158,"column":5}},"72":{"start":{"line":157,"column":6},"end":{"line":157,"column":100}},"73":{"start":{"line":161,"column":27},"end":{"line":161,"column":77}},"74":{"start":{"line":162,"column":4},"end":{"line":164,"column":5}},"75":{"start":{"line":163,"column":6},"end":{"line":163,"column":86}},"76":{"start":{"line":167,"column":28},"end":{"line":167,"column":59}},"77":{"start":{"line":168,"column":30},"end":{"line":168,"column":114}},"78":{"start":{"line":170,"column":4},"end":{"line":170,"column":64}},"79":{"start":{"line":171,"column":4},"end":{"line":171,"column":46}},"80":{"start":{"line":173,"column":4},"end":{"line":173,"column":110}},"81":{"start":{"line":175,"column":4},"end":{"line":175,"column":106}},"82":{"start":{"line":179,"column":28},"end":{"line":179,"column":36}},"83":{"start":{"line":180,"column":29},"end":{"line":180,"column":72}},"84":{"start":{"line":184,"column":19},"end":{"line":184,"column":114}},"85":{"start":{"line":185,"column":4},"end":{"line":187,"column":5}},"86":{"start":{"line":186,"column":6},"end":{"line":186,"column":67}},"87":{"start":{"line":189,"column":17},"end":{"line":189,"column":54}},"88":{"start":{"line":190,"column":4},"end":{"line":192,"column":5}},"89":{"start":{"line":191,"column":6},"end":{"line":191,"column":85}},"90":{"start":{"line":194,"column":4},"end":{"line":196,"column":5}},"91":{"start":{"line":195,"column":6},"end":{"line":195,"column":51}},"92":{"start":{"line":198,"column":24},"end":{"line":202,"column":5}},"93":{"start":{"line":204,"column":4},"end":{"line":204,"column":44}},"94":{"start":{"line":208,"column":4},"end":{"line":210,"column":5}},"95":{"start":{"line":209,"column":6},"end":{"line":209,"column":60}},"96":{"start":{"line":212,"column":30},"end":{"line":212,"column":80}},"97":{"start":{"line":213,"column":4},"end":{"line":213,"column":45}},"98":{"start":{"line":216,"column":4},"end":{"line":216,"column":43}},"99":{"start":{"line":218,"column":4},"end":{"line":218,"column":65}},"100":{"start":{"line":219,"column":4},"end":{"line":219,"column":55}},"101":{"start":{"line":224,"column":4},"end":{"line":226,"column":5}},"102":{"start":{"line":225,"column":6},"end":{"line":225,"column":49}},"103":{"start":{"line":228,"column":17},"end":{"line":228,"column":69}},"104":{"start":{"line":229,"column":4},"end":{"line":231,"column":5}},"105":{"start":{"line":230,"column":6},"end":{"line":230,"column":100}},"106":{"start":{"line":233,"column":4},"end":{"line":236,"column":6}},"107":{"start":{"line":240,"column":17},"end":{"line":240,"column":54}},"108":{"start":{"line":241,"column":4},"end":{"line":243,"column":5}},"109":{"start":{"line":242,"column":6},"end":{"line":242,"column":55}},"110":{"start":{"line":246,"column":4},"end":{"line":252,"column":5}},"111":{"start":{"line":247,"column":6},"end":{"line":249,"column":7}},"112":{"start":{"line":248,"column":8},"end":{"line":248,"column":151}},"113":{"start":{"line":251,"column":6},"end":{"line":251,"column":56}},"114":{"start":{"line":254,"column":26},"end":{"line":254,"column":83}},"115":{"start":{"line":255,"column":4},"end":{"line":259,"column":5}},"116":{"start":{"line":257,"column":6},"end":{"line":257,"column":63}},"117":{"start":{"line":258,"column":6},"end":{"line":258,"column":68}},"118":{"start":{"line":262,"column":27},"end":{"line":262,"column":80}},"119":{"start":{"line":263,"column":4},"end":{"line":265,"column":5}},"120":{"start":{"line":264,"column":6},"end":{"line":264,"column":86}},"121":{"start":{"line":268,"column":28},"end":{"line":268,"column":62}},"122":{"start":{"line":269,"column":30},"end":{"line":269,"column":114}},"123":{"start":{"line":270,"column":4},"end":{"line":270,"column":64}},"124":{"start":{"line":271,"column":4},"end":{"line":271,"column":54}},"125":{"start":{"line":272,"column":4},"end":{"line":272,"column":46}},"126":{"start":{"line":275,"column":4},"end":{"line":277,"column":6}},"127":{"start":{"line":276,"column":6},"end":{"line":276,"column":66}},"128":{"start":{"line":279,"column":4},"end":{"line":279,"column":126}},"129":{"start":{"line":283,"column":4},"end":{"line":285,"column":5}},"130":{"start":{"line":284,"column":6},"end":{"line":284,"column":49}},"131":{"start":{"line":287,"column":17},"end":{"line":287,"column":62}},"132":{"start":{"line":288,"column":4},"end":{"line":290,"column":5}},"133":{"start":{"line":289,"column":6},"end":{"line":289,"column":68}},"134":{"start":{"line":292,"column":4},"end":{"line":292,"column":47}},"135":{"start":{"line":296,"column":15},"end":{"line":296,"column":19}},"136":{"start":{"line":297,"column":4},"end":{"line":301,"column":5}},"137":{"start":{"line":298,"column":6},"end":{"line":298,"column":72}},"138":{"start":{"line":300,"column":6},"end":{"line":300,"column":75}},"139":{"start":{"line":304,"column":27},"end":{"line":304,"column":125}},"140":{"start":{"line":306,"column":4},"end":{"line":308,"column":5}},"141":{"start":{"line":307,"column":6},"end":{"line":307,"column":41}},"142":{"start":{"line":310,"column":4},"end":{"line":312,"column":5}},"143":{"start":{"line":311,"column":6},"end":{"line":311,"column":41}},"144":{"start":{"line":315,"column":21},"end":{"line":315,"column":29}},"145":{"start":{"line":316,"column":25},"end":{"line":316,"column":41}},"146":{"start":{"line":318,"column":4},"end":{"line":318,"column":76}},"147":{"start":{"line":320,"column":4},"end":{"line":322,"column":6}},"148":{"start":{"line":321,"column":6},"end":{"line":321,"column":132}},"149":{"start":{"line":324,"column":4},"end":{"line":324,"column":39}},"150":{"start":{"line":328,"column":0},"end":{"line":328,"column":33}}},"fnMap":{"0":{"name":"publishRevocation","decl":{"start":{"line":15,"column":9},"end":{"line":15,"column":26}},"loc":{"start":{"line":15,"column":52},"end":{"line":18,"column":1}},"line":15},"1":{"name":"(anonymous_1)","decl":{"start":{"line":17,"column":11},"end":{"line":17,"column":12}},"loc":{"start":{"line":17,"column":20},"end":{"line":17,"column":79}},"line":17},"2":{"name":"tokenExpiresAt","decl":{"start":{"line":22,"column":9},"end":{"line":22,"column":23}},"loc":{"start":{"line":22,"column":26},"end":{"line":26,"column":1}},"line":22},"3":{"name":"(anonymous_3)","decl":{"start":{"line":30,"column":2},"end":{"line":30,"column":3}},"loc":{"start":{"line":30,"column":40},"end":{"line":110,"column":3}},"line":30},"4":{"name":"(anonymous_4)","decl":{"start":{"line":112,"column":2},"end":{"line":112,"column":3}},"loc":{"start":{"line":112,"column":52},"end":{"line":146,"column":3}},"line":112},"5":{"name":"(anonymous_5)","decl":{"start":{"line":141,"column":63},"end":{"line":141,"column":64}},"loc":{"start":{"line":142,"column":6},"end":{"line":142,"column":64}},"line":142},"6":{"name":"(anonymous_6)","decl":{"start":{"line":148,"column":2},"end":{"line":148,"column":3}},"loc":{"start":{"line":148,"column":60},"end":{"line":176,"column":3}},"line":148},"7":{"name":"(anonymous_7)","decl":{"start":{"line":178,"column":2},"end":{"line":178,"column":3}},"loc":{"start":{"line":178,"column":42},"end":{"line":205,"column":3}},"line":178},"8":{"name":"(anonymous_8)","decl":{"start":{"line":207,"column":2},"end":{"line":207,"column":3}},"loc":{"start":{"line":207,"column":44},"end":{"line":221,"column":3}},"line":207},"9":{"name":"(anonymous_9)","decl":{"start":{"line":223,"column":2},"end":{"line":223,"column":3}},"loc":{"start":{"line":223,"column":32},"end":{"line":237,"column":3}},"line":223},"10":{"name":"(anonymous_10)","decl":{"start":{"line":239,"column":2},"end":{"line":239,"column":3}},"loc":{"start":{"line":239,"column":65},"end":{"line":280,"column":3}},"line":239},"11":{"name":"(anonymous_11)","decl":{"start":{"line":275,"column":47},"end":{"line":275,"column":48}},"loc":{"start":{"line":276,"column":6},"end":{"line":276,"column":66}},"line":276},"12":{"name":"(anonymous_12)","decl":{"start":{"line":282,"column":2},"end":{"line":282,"column":3}},"loc":{"start":{"line":282,"column":27},"end":{"line":293,"column":3}},"line":282},"13":{"name":"(anonymous_13)","decl":{"start":{"line":295,"column":2},"end":{"line":295,"column":3}},"loc":{"start":{"line":295,"column":39},"end":{"line":325,"column":3}},"line":295},"14":{"name":"(anonymous_14)","decl":{"start":{"line":320,"column":54},"end":{"line":320,"column":55}},"loc":{"start":{"line":321,"column":6},"end":{"line":321,"column":132}},"line":321}},"branchMap":{"0":{"loc":{"start":{"line":33,"column":4},"end":{"line":37,"column":5}},"type":"if","locations":[{"start":{"line":33,"column":4},"end":{"line":37,"column":5}},{"start":{"line":35,"column":11},"end":{"line":37,"column":5}}],"line":33},"1":{"loc":{"start":{"line":40,"column":4},"end":{"line":44,"column":5}},"type":"if","locations":[{"start":{"line":40,"column":4},"end":{"line":44,"column":5}},{"start":{},"end":{}}],"line":40},"2":{"loc":{"start":{"line":47,"column":4},"end":{"line":50,"column":5}},"type":"if","locations":[{"start":{"line":47,"column":4},"end":{"line":50,"column":5}},{"start":{},"end":{}}],"line":47},"3":{"loc":{"start":{"line":47,"column":8},"end":{"line":47,"column":44}},"type":"binary-expr","locations":[{"start":{"line":47,"column":8},"end":{"line":47,"column":23}},{"start":{"line":47,"column":27},"end":{"line":47,"column":44}}],"line":47},"4":{"loc":{"start":{"line":53,"column":4},"end":{"line":60,"column":5}},"type":"if","locations":[{"start":{"line":53,"column":4},"end":{"line":60,"column":5}},{"start":{},"end":{}}],"line":53},"5":{"loc":{"start":{"line":54,"column":6},"end":{"line":57,"column":7}},"type":"if","locations":[{"start":{"line":54,"column":6},"end":{"line":57,"column":7}},{"start":{},"end":{}}],"line":54},"6":{"loc":{"start":{"line":63,"column":4},"end":{"line":66,"column":5}},"type":"if","locations":[{"start":{"line":63,"column":4},"end":{"line":66,"column":5}},{"start":{},"end":{}}],"line":63},"7":{"loc":{"start":{"line":69,"column":4},"end":{"line":74,"column":5}},"type":"if","locations":[{"start":{"line":69,"column":4},"end":{"line":74,"column":5}},{"start":{},"end":{}}],"line":69},"8":{"loc":{"start":{"line":106,"column":14},"end":{"line":106,"column":53}},"type":"cond-expr","locations":[{"start":{"line":106,"column":28},"end":{"line":106,"column":44}},{"start":{"line":106,"column":47},"end":{"line":106,"column":53}}],"line":106},"9":{"loc":{"start":{"line":107,"column":19},"end":{"line":107,"column":61}},"type":"cond-expr","locations":[{"start":{"line":107,"column":33},"end":{"line":107,"column":54}},{"start":{"line":107,"column":57},"end":{"line":107,"column":61}}],"line":107},"10":{"loc":{"start":{"line":115,"column":4},"end":{"line":117,"column":5}},"type":"if","locations":[{"start":{"line":115,"column":4},"end":{"line":117,"column":5}},{"start":{},"end":{}}],"line":115},"11":{"loc":{"start":{"line":122,"column":4},"end":{"line":124,"column":5}},"type":"if","locations":[{"start":{"line":122,"column":4},"end":{"line":124,"column":5}},{"start":{},"end":{}}],"line":122},"12":{"loc":{"start":{"line":128,"column":4},"end":{"line":131,"column":5}},"type":"if","locations":[{"start":{"line":128,"column":4},"end":{"line":131,"column":5}},{"start":{},"end":{}}],"line":128},"13":{"loc":{"start":{"line":128,"column":8},"end":{"line":129,"column":86}},"type":"binary-expr","locations":[{"start":{"line":128,"column":8},"end":{"line":128,"column":34}},{"start":{"line":129,"column":6},"end":{"line":129,"column":86}}],"line":128},"14":{"loc":{"start":{"line":150,"column":4},"end":{"line":152,"column":5}},"type":"if","locations":[{"start":{"line":150,"column":4},"end":{"line":152,"column":5}},{"start":{},"end":{}}],"line":150},"15":{"loc":{"start":{"line":156,"column":4},"end":{"line":158,"column":5}},"type":"if","locations":[{"start":{"line":156,"column":4},"end":{"line":158,"column":5}},{"start":{},"end":{}}],"line":156},"16":{"loc":{"start":{"line":162,"column":4},"end":{"line":164,"column":5}},"type":"if","locations":[{"start":{"line":162,"column":4},"end":{"line":164,"column":5}},{"start":{},"end":{}}],"line":162},"17":{"loc":{"start":{"line":185,"column":4},"end":{"line":187,"column":5}},"type":"if","locations":[{"start":{"line":185,"column":4},"end":{"line":187,"column":5}},{"start":{},"end":{}}],"line":185},"18":{"loc":{"start":{"line":190,"column":4},"end":{"line":192,"column":5}},"type":"if","locations":[{"start":{"line":190,"column":4},"end":{"line":192,"column":5}},{"start":{},"end":{}}],"line":190},"19":{"loc":{"start":{"line":194,"column":4},"end":{"line":196,"column":5}},"type":"if","locations":[{"start":{"line":194,"column":4},"end":{"line":196,"column":5}},{"start":{},"end":{}}],"line":194},"20":{"loc":{"start":{"line":194,"column":8},"end":{"line":194,"column":44}},"type":"binary-expr","locations":[{"start":{"line":194,"column":8},"end":{"line":194,"column":23}},{"start":{"line":194,"column":27},"end":{"line":194,"column":44}}],"line":194},"21":{"loc":{"start":{"line":207,"column":23},"end":{"line":207,"column":42}},"type":"default-arg","locations":[{"start":{"line":207,"column":38},"end":{"line":207,"column":42}}],"line":207},"22":{"loc":{"start":{"line":208,"column":4},"end":{"line":210,"column":5}},"type":"if","locations":[{"start":{"line":208,"column":4},"end":{"line":210,"column":5}},{"start":{},"end":{}}],"line":208},"23":{"loc":{"start":{"line":224,"column":4},"end":{"line":226,"column":5}},"type":"if","locations":[{"start":{"line":224,"column":4},"end":{"line":226,"column":5}},{"start":{},"end":{}}],"line":224},"24":{"loc":{"start":{"line":229,"column":4},"end":{"line":231,"column":5}},"type":"if","locations":[{"start":{"line":229,"column":4},"end":{"line":231,"column":5}},{"start":{},"end":{}}],"line":229},"25":{"loc":{"start":{"line":241,"column":4},"end":{"line":243,"column":5}},"type":"if","locations":[{"start":{"line":241,"column":4},"end":{"line":243,"column":5}},{"start":{},"end":{}}],"line":241},"26":{"loc":{"start":{"line":246,"column":4},"end":{"line":252,"column":5}},"type":"if","locations":[{"start":{"line":246,"column":4},"end":{"line":252,"column":5}},{"start":{},"end":{}}],"line":246},"27":{"loc":{"start":{"line":247,"column":6},"end":{"line":249,"column":7}},"type":"if","locations":[{"start":{"line":247,"column":6},"end":{"line":249,"column":7}},{"start":{},"end":{}}],"line":247},"28":{"loc":{"start":{"line":255,"column":4},"end":{"line":259,"column":5}},"type":"if","locations":[{"start":{"line":255,"column":4},"end":{"line":259,"column":5}},{"start":{},"end":{}}],"line":255},"29":{"loc":{"start":{"line":263,"column":4},"end":{"line":265,"column":5}},"type":"if","locations":[{"start":{"line":263,"column":4},"end":{"line":265,"column":5}},{"start":{},"end":{}}],"line":263},"30":{"loc":{"start":{"line":283,"column":4},"end":{"line":285,"column":5}},"type":"if","locations":[{"start":{"line":283,"column":4},"end":{"line":285,"column":5}},{"start":{},"end":{}}],"line":283},"31":{"loc":{"start":{"line":288,"column":4},"end":{"line":290,"column":5}},"type":"if","locations":[{"start":{"line":288,"column":4},"end":{"line":290,"column":5}},{"start":{},"end":{}}],"line":288},"32":{"loc":{"start":{"line":297,"column":4},"end":{"line":301,"column":5}},"type":"if","locations":[{"start":{"line":297,"column":4},"end":{"line":301,"column":5}},{"start":{"line":299,"column":11},"end":{"line":301,"column":5}}],"line":297},"33":{"loc":{"start":{"line":306,"column":4},"end":{"line":308,"column":5}},"type":"if","locations":[{"start":{"line":306,"column":4},"end":{"line":308,"column":5}},{"start":{},"end":{}}],"line":306},"34":{"loc":{"start":{"line":310,"column":4},"end":{"line":312,"column":5}},"type":"if","locations":[{"start":{"line":310,"column":4},"end":{"line":312,"column":5}},{"start":{},"end":{}}],"line":310}},"s":{"0":1,"1":1,"2":1,"3":1,"4":1,"5":1,"6":1,"7":1,"8":1,"9":1,"10":1,"11":6,"12":0,"13":1,"14":1,"15":1,"16":1,"17":1,"18":1,"19":23,"20":23,"21":22,"22":1,"23":23,"24":1,"25":1,"26":22,"27":2,"28":2,"29":20,"30":1,"31":1,"32":1,"33":0,"34":19,"35":1,"36":1,"37":18,"38":18,"39":8,"40":8,"41":8,"42":10,"43":10,"44":10,"45":10,"46":10,"47":10,"48":10,"49":10,"50":10,"51":4,"52":4,"53":1,"54":4,"55":4,"56":1,"57":3,"58":3,"59":1,"60":2,"61":2,"62":2,"63":2,"64":2,"65":2,"66":0,"67":2,"68":4,"69":1,"70":3,"71":3,"72":1,"73":2,"74":2,"75":1,"76":1,"77":1,"78":1,"79":1,"80":1,"81":1,"82":6,"83":6,"84":6,"85":6,"86":4,"87":2,"88":2,"89":0,"90":2,"91":0,"92":2,"93":2,"94":3,"95":2,"96":3,"97":3,"98":3,"99":3,"100":3,"101":0,"102":0,"103":0,"104":0,"105":0,"106":0,"107":8,"108":8,"109":0,"110":8,"111":1,"112":1,"113":0,"114":7,"115":7,"116":4,"117":4,"118":3,"119":3,"120":1,"121":2,"122":2,"123":2,"124":2,"125":2,"126":2,"127":0,"128":2,"129":4,"130":0,"131":4,"132":4,"133":2,"134":2,"135":3,"136":3,"137":3,"138":0,"139":3,"140":3,"141":1,"142":2,"143":1,"144":1,"145":1,"146":1,"147":1,"148":0,"149":1,"150":1},"f":{"0":6,"1":0,"2":1,"3":23,"4":4,"5":0,"6":4,"7":6,"8":3,"9":0,"10":8,"11":0,"12":4,"13":3,"14":0},"b":{"0":[22,1],"1":[1,22],"2":[2,20],"3":[22,21],"4":[1,19],"5":[1,0],"6":[1,18],"7":[8,10],"8":[10,0],"9":[10,0],"10":[1,3],"11":[1,3],"12":[1,2],"13":[3,1],"14":[1,3],"15":[1,2],"16":[1,1],"17":[4,2],"18":[0,2],"19":[0,2],"20":[2,2],"21":[1],"22":[2,1],"23":[0,0],"24":[0,0],"25":[0,8],"26":[1,7],"27":[1,0],"28":[4,3],"29":[1,2],"30":[0,4],"31":[2,2],"32":[3,0],"33":[1,2],"34":[1,1]},"_coverageSchema":"1a1c01bbd47fc00a2c39e90264f33305004495a9","hash":"937fee79553a47580e1d8072e38b8231e291e7fd"}
,"/Users/tomascarrie/TDS-Final/users/src/modules/users/user.controller.js": {"path":"/Users/tomascarrie/TDS-Final/users/src/modules/users/user.controller.js","statementMap":{"0":{"start":{"line":1,"column":24},"end":{"line":1,"column":49}},"1":{"start":{"line":3,"column":23},"end":{"line":117,"column":1}},"2":{"start":{"line":5,"column":4},"end":{"line":13,"column":5}},"3":{"start":{"line":6,"column":19},"end":{"line":6,"column":55}},"4":{"start":{"line":7,"column":6},"end":{"line":10,"column":9}},"5":{"start":{"line":12,"column":6},"end":{"line":12,"column":16}},"6":{"start":{"line":18,"column":4},"end":{"line":24,"column":5}},"7":{"start":{"line":20,"column":6},"end":{"line":20,"column":64}},"8":{"start":{"line":21,"column":6},"end":{"line":21,"column":72}},"9":{"start":{"line":23,"column":6},"end":{"line":23,"column":16}},"10":{"start":{"line":28,"column":4},"end":{"line":33,"column":5}},"11":{"start":{"line":29,"column":20},"end":{"line":29,"column":66}},"12":{"start":{"line":30,"column":6},"end":{"line":30,"column":34}},"13":{"start":{"line":32,"column":6},"end":{"line":32,"column":16}},"14":{"start":{"line":37,"column":4},"end":{"line":45,"column":5}},"15":{"start":{"line":38,"column":20},"end":{"line":38,"column":79}},"16":{"start":{"line":39,"column":6},"end":{"line":42,"column":9}},"17":{"start":{"line":44,"column":6},"end":{"line":44,"column":16}},"18":{"start":{"line":49,"column":4},"end":{"line":55,"column":5}},"19":{"start":{"line":50,"column":47},"end":{"line":50,"column":56}},"20":{"start":{"line":51,"column":21},"end":{"line":51,"column":84}},"21":{"start":{"line":52,"column":6},"end":{"line":52,"column":23}},"22":{"start":{"line":54,"column":6},"end":{"line":54,"column":16}},"23":{"start":{"line":60,"column":4},"end":{"line":66,"column":5}},"24":{"start":{"line":62,"column":22},"end":{"line":62,"column":77}},"25":{"start":{"line":63,"column":6},"end":{"line":63,"column":36}},"26":{"start":{"line":65,"column":6},"end":{"line":65,"column":16}},"27":{"start":{"line":70,"column":4},"end":{"line":76,"column":5}},"28":{"start":{"line":71,"column":27},"end":{"line":71,"column":36}},"29":{"start":{"line":72,"column":20},"end":{"line":72,"column":79}},"30":{"start":{"line":73,"column":6},"end":{"line":73,"column":34}},"31":{"start":{"line":75,"column":6},"end":{"line":75,"column":16}},"32":{"start":{"line":82,"column":4},"end":{"line":87,"column":5}},"33":{"start":{"line":83,"column":6},"end":{"line":83,"column":48}},"34":{"start":{"line":84,"column":6},"end":{"line":84,"column":29}},"35":{"start":{"line":86,"column":6},"end":{"line":86,"column":16}},"36":{"start":{"line":91,"column":4},"end":{"line":96,"column":5}},"37":{"start":{"line":92,"column":30},"end":{"line":92,"column":85}},"38":{"start":{"line":93,"column":6},"end":{"line":93,"column":67}},"39":{"start":{"line":95,"column":6},"end":{"line":95,"column":16}},"40":{"start":{"line":100,"column":4},"end":{"line":105,"column":5}},"41":{"start":{"line":101,"column":6},"end":{"line":101,"column":57}},"42":{"start":{"line":102,"column":6},"end":{"line":102,"column":83}},"43":{"start":{"line":104,"column":6},"end":{"line":104,"column":16}},"44":{"start":{"line":110,"column":4},"end":{"line":115,"column":5}},"45":{"start":{"line":111,"column":22},"end":{"line":111,"column":71}},"46":{"start":{"line":112,"column":6},"end":{"line":112,"column":24}},"47":{"start":{"line":114,"column":6},"end":{"line":114,"column":16}},"48":{"start":{"line":119,"column":0},"end":{"line":119,"column":36}}},"fnMap":{"0":{"name":"(anonymous_0)","decl":{"start":{"line":4,"column":2},"end":{"line":4,"column":3}},"loc":{"start":{"line":4,"column":33},"end":{"line":14,"column":3}},"line":4},"1":{"name":"(anonymous_1)","decl":{"start":{"line":17,"column":2},"end":{"line":17,"column":3}},"loc":{"start":{"line":17,"column":31},"end":{"line":25,"column":3}},"line":17},"2":{"name":"(anonymous_2)","decl":{"start":{"line":27,"column":2},"end":{"line":27,"column":3}},"loc":{"start":{"line":27,"column":39},"end":{"line":34,"column":3}},"line":27},"3":{"name":"(anonymous_3)","decl":{"start":{"line":36,"column":2},"end":{"line":36,"column":3}},"loc":{"start":{"line":36,"column":42},"end":{"line":46,"column":3}},"line":36},"4":{"name":"(anonymous_4)","decl":{"start":{"line":48,"column":2},"end":{"line":48,"column":3}},"loc":{"start":{"line":48,"column":36},"end":{"line":56,"column":3}},"line":48},"5":{"name":"(anonymous_5)","decl":{"start":{"line":59,"column":2},"end":{"line":59,"column":3}},"loc":{"start":{"line":59,"column":38},"end":{"line":67,"column":3}},"line":59},"6":{"name":"(anonymous_6)","decl":{"start":{"line":69,"column":2},"end":{"line":69,"column":3}},"loc":{"start":{"line":69,"column":42},"end":{"line":77,"column":3}},"line":69},"7":{"name":"(anonymous_7)","decl":{"start":{"line":81,"column":2},"end":{"line":81,"column":3}},"loc":{"start":{"line":81,"column":34},"end":{"line":88,"column":3}},"line":81},"8":{"name":"(anonymous_8)","decl":{"start":{"line":90,"column":2},"end":{"line":90,"column":3}},"loc":{"start":{"line":90,"column":43},"end":{"line":97,"column":3}},"line":90},"9":{"name":"(anonymous_9)","decl":{"start":{"line":99,"column":2},"end":{"line":99,"column":3}},"loc":{"start":{"line":99,"column":43},"end":{"line":106,"column":3}},"line":99},"10":{"name":"(anonymous_10)","decl":{"start":{"line":109,"column":2},"end":{"line":109,"column":3}},"loc":{"start":{"line":109,"column":41},"end":{"line":116,"column":3}},"line":109}},"branchMap":{"0":{"loc":{"start":{"line":50,"column":14},"end":{"line":50,"column":20}},"type":"default-arg","locations":[{"start":{"line":50,"column":18},"end":{"line":50,"column":20}}],"line":50},"1":{"loc":{"start":{"line":50,"column":22},"end":{"line":50,"column":30}},"type":"default-arg","locations":[{"start":{"line":50,"column":29},"end":{"line":50,"column":30}}],"line":50},"2":{"loc":{"start":{"line":50,"column":32},"end":{"line":50,"column":42}},"type":"default-arg","locations":[{"start":{"line":50,"column":40},"end":{"line":50,"column":42}}],"line":50}},"s":{"0":1,"1":1,"2":6,"3":6,"4":3,"5":3,"6":2,"7":2,"8":1,"9":1,"10":3,"11":3,"12":3,"13":0,"14":3,"15":3,"16":2,"17":1,"18":2,"19":2,"20":2,"21":2,"22":0,"23":5,"24":5,"25":4,"26":1,"27":0,"28":0,"29":0,"30":0,"31":0,"32":0,"33":0,"34":0,"35":0,"36":0,"37":0,"38":0,"39":0,"40":0,"41":0,"42":0,"43":0,"44":0,"45":0,"46":0,"47":0,"48":1},"f":{"0":6,"1":2,"2":3,"3":3,"4":2,"5":5,"6":0,"7":0,"8":0,"9":0,"10":0},"b":{"0":[0],"1":[2],"2":[2]},"_coverageSchema":"1a1c01bbd47fc00a2c39e90264f33305004495a9","hash":"caa83cf49343ec7a3734d4ab08147d866426bfe8"}
,"/Users/tomascarrie/TDS-Final/users/src/modules/users/user.repository.js": {"path":"/Users/tomascarrie/TDS-Final/users/src/modules/users/user.repository.js","statementMap":{"0":{"start":{"line":1,"column":35},"end":{"line":1,"column":67}},"1":{"start":{"line":2,"column":22},"end":{"line":2,"column":54}},"2":{"start":{"line":4,"column":23},"end":{"line":479,"column":1}},"3":{"start":{"line":7,"column":19},"end":{"line":10,"column":5}},"4":{"start":{"line":11,"column":4},"end":{"line":11,"column":34}},"5":{"start":{"line":15,"column":19},"end":{"line":18,"column":5}},"6":{"start":{"line":19,"column":4},"end":{"line":19,"column":34}},"7":{"start":{"line":23,"column":19},"end":{"line":26,"column":5}},"8":{"start":{"line":27,"column":4},"end":{"line":27,"column":34}},"9":{"start":{"line":32,"column":19},"end":{"line":35,"column":5}},"10":{"start":{"line":36,"column":4},"end":{"line":36,"column":34}},"11":{"start":{"line":40,"column":19},"end":{"line":43,"column":5}},"12":{"start":{"line":44,"column":4},"end":{"line":44,"column":34}},"13":{"start":{"line":48,"column":19},"end":{"line":53,"column":5}},"14":{"start":{"line":54,"column":17},"end":{"line":54,"column":31}},"15":{"start":{"line":56,"column":4},"end":{"line":59,"column":6}},"16":{"start":{"line":60,"column":4},"end":{"line":60,"column":16}},"17":{"start":{"line":64,"column":4},"end":{"line":68,"column":6}},"18":{"start":{"line":72,"column":4},"end":{"line":77,"column":6}},"19":{"start":{"line":81,"column":4},"end":{"line":86,"column":6}},"20":{"start":{"line":90,"column":4},"end":{"line":93,"column":6}},"21":{"start":{"line":97,"column":19},"end":{"line":104,"column":5}},"22":{"start":{"line":105,"column":4},"end":{"line":105,"column":26}},"23":{"start":{"line":109,"column":19},"end":{"line":112,"column":5}},"24":{"start":{"line":113,"column":4},"end":{"line":113,"column":26}},"25":{"start":{"line":117,"column":4},"end":{"line":122,"column":6}},"26":{"start":{"line":127,"column":4},"end":{"line":137,"column":6}},"27":{"start":{"line":142,"column":4},"end":{"line":147,"column":6}},"28":{"start":{"line":151,"column":19},"end":{"line":154,"column":5}},"29":{"start":{"line":155,"column":4},"end":{"line":155,"column":34}},"30":{"start":{"line":158,"column":19},"end":{"line":164,"column":5}},"31":{"start":{"line":165,"column":4},"end":{"line":165,"column":26}},"32":{"start":{"line":169,"column":19},"end":{"line":175,"column":5}},"33":{"start":{"line":176,"column":4},"end":{"line":176,"column":26}},"34":{"start":{"line":180,"column":19},"end":{"line":185,"column":5}},"35":{"start":{"line":186,"column":4},"end":{"line":186,"column":34}},"36":{"start":{"line":192,"column":19},"end":{"line":199,"column":5}},"37":{"start":{"line":200,"column":4},"end":{"line":200,"column":34}},"38":{"start":{"line":204,"column":4},"end":{"line":207,"column":6}},"39":{"start":{"line":216,"column":20},"end":{"line":216,"column":39}},"40":{"start":{"line":217,"column":20},"end":{"line":217,"column":39}},"41":{"start":{"line":219,"column":4},"end":{"line":234,"column":7}},"42":{"start":{"line":220,"column":23},"end":{"line":223,"column":7}},"43":{"start":{"line":225,"column":6},"end":{"line":225,"column":41}},"44":{"start":{"line":225,"column":29},"end":{"line":225,"column":41}},"45":{"start":{"line":227,"column":26},"end":{"line":227,"column":33}},"46":{"start":{"line":228,"column":6},"end":{"line":231,"column":8}},"47":{"start":{"line":233,"column":6},"end":{"line":233,"column":21}},"48":{"start":{"line":238,"column":4},"end":{"line":238,"column":93}},"49":{"start":{"line":242,"column":4},"end":{"line":242,"column":80}},"50":{"start":{"line":247,"column":4},"end":{"line":250,"column":6}},"51":{"start":{"line":255,"column":19},"end":{"line":255,"column":37}},"52":{"start":{"line":256,"column":20},"end":{"line":256,"column":33}},"53":{"start":{"line":258,"column":22},"end":{"line":258,"column":65}},"54":{"start":{"line":259,"column":19},"end":{"line":259,"column":43}},"55":{"start":{"line":261,"column":4},"end":{"line":264,"column":5}},"56":{"start":{"line":262,"column":6},"end":{"line":262,"column":29}},"57":{"start":{"line":263,"column":6},"end":{"line":263,"column":54}},"58":{"start":{"line":266,"column":4},"end":{"line":268,"column":5}},"59":{"start":{"line":267,"column":6},"end":{"line":267,"column":49}},"60":{"start":{"line":270,"column":19},"end":{"line":279,"column":5}},"61":{"start":{"line":281,"column":24},"end":{"line":281,"column":33}},"62":{"start":{"line":282,"column":21},"end":{"line":282,"column":60}},"63":{"start":{"line":283,"column":4},"end":{"line":286,"column":5}},"64":{"start":{"line":284,"column":6},"end":{"line":284,"column":34}},"65":{"start":{"line":285,"column":6},"end":{"line":285,"column":56}},"66":{"start":{"line":287,"column":4},"end":{"line":289,"column":5}},"67":{"start":{"line":288,"column":6},"end":{"line":288,"column":46}},"68":{"start":{"line":291,"column":24},"end":{"line":294,"column":5}},"69":{"start":{"line":295,"column":4},"end":{"line":300,"column":6}},"70":{"start":{"line":305,"column":19},"end":{"line":314,"column":5}},"71":{"start":{"line":315,"column":4},"end":{"line":315,"column":34}},"72":{"start":{"line":320,"column":19},"end":{"line":328,"column":5}},"73":{"start":{"line":329,"column":4},"end":{"line":329,"column":34}},"74":{"start":{"line":333,"column":4},"end":{"line":336,"column":6}},"75":{"start":{"line":341,"column":29},"end":{"line":361,"column":6}},"76":{"start":{"line":362,"column":4},"end":{"line":365,"column":6}},"77":{"start":{"line":370,"column":4},"end":{"line":370,"column":35}},"78":{"start":{"line":370,"column":25},"end":{"line":370,"column":35}},"79":{"start":{"line":371,"column":19},"end":{"line":377,"column":5}},"80":{"start":{"line":378,"column":4},"end":{"line":378,"column":23}},"81":{"start":{"line":383,"column":4},"end":{"line":386,"column":6}},"82":{"start":{"line":391,"column":19},"end":{"line":391,"column":37}},"83":{"start":{"line":392,"column":20},"end":{"line":392,"column":33}},"84":{"start":{"line":393,"column":19},"end":{"line":402,"column":5}},"85":{"start":{"line":403,"column":24},"end":{"line":411,"column":5}},"86":{"start":{"line":412,"column":4},"end":{"line":417,"column":6}},"87":{"start":{"line":422,"column":19},"end":{"line":428,"column":5}},"88":{"start":{"line":429,"column":4},"end":{"line":429,"column":34}},"89":{"start":{"line":434,"column":4},"end":{"line":437,"column":6}},"90":{"start":{"line":443,"column":4},"end":{"line":443,"column":52}},"91":{"start":{"line":443,"column":42},"end":{"line":443,"column":52}},"92":{"start":{"line":444,"column":19},"end":{"line":452,"column":5}},"93":{"start":{"line":453,"column":4},"end":{"line":453,"column":40}},"94":{"start":{"line":453,"column":34},"end":{"line":453,"column":38}},"95":{"start":{"line":457,"column":19},"end":{"line":467,"column":5}},"96":{"start":{"line":468,"column":4},"end":{"line":468,"column":23}},"97":{"start":{"line":474,"column":4},"end":{"line":477,"column":6}},"98":{"start":{"line":481,"column":0},"end":{"line":481,"column":36}}},"fnMap":{"0":{"name":"(anonymous_0)","decl":{"start":{"line":6,"column":2},"end":{"line":6,"column":3}},"loc":{"start":{"line":6,"column":27},"end":{"line":12,"column":3}},"line":6},"1":{"name":"(anonymous_1)","decl":{"start":{"line":14,"column":2},"end":{"line":14,"column":3}},"loc":{"start":{"line":14,"column":21},"end":{"line":20,"column":3}},"line":14},"2":{"name":"(anonymous_2)","decl":{"start":{"line":22,"column":2},"end":{"line":22,"column":3}},"loc":{"start":{"line":22,"column":33},"end":{"line":28,"column":3}},"line":22},"3":{"name":"(anonymous_3)","decl":{"start":{"line":31,"column":2},"end":{"line":31,"column":3}},"loc":{"start":{"line":31,"column":33},"end":{"line":37,"column":3}},"line":31},"4":{"name":"(anonymous_4)","decl":{"start":{"line":39,"column":2},"end":{"line":39,"column":3}},"loc":{"start":{"line":39,"column":40},"end":{"line":45,"column":3}},"line":39},"5":{"name":"(anonymous_5)","decl":{"start":{"line":47,"column":2},"end":{"line":47,"column":3}},"loc":{"start":{"line":47,"column":111},"end":{"line":61,"column":3}},"line":47},"6":{"name":"(anonymous_6)","decl":{"start":{"line":63,"column":2},"end":{"line":63,"column":3}},"loc":{"start":{"line":63,"column":52},"end":{"line":69,"column":3}},"line":63},"7":{"name":"(anonymous_7)","decl":{"start":{"line":71,"column":2},"end":{"line":71,"column":3}},"loc":{"start":{"line":71,"column":29},"end":{"line":78,"column":3}},"line":71},"8":{"name":"(anonymous_8)","decl":{"start":{"line":80,"column":2},"end":{"line":80,"column":3}},"loc":{"start":{"line":80,"column":59},"end":{"line":87,"column":3}},"line":80},"9":{"name":"(anonymous_9)","decl":{"start":{"line":89,"column":2},"end":{"line":89,"column":3}},"loc":{"start":{"line":89,"column":39},"end":{"line":94,"column":3}},"line":89},"10":{"name":"(anonymous_10)","decl":{"start":{"line":96,"column":2},"end":{"line":96,"column":3}},"loc":{"start":{"line":96,"column":68},"end":{"line":106,"column":3}},"line":96},"11":{"name":"(anonymous_11)","decl":{"start":{"line":108,"column":2},"end":{"line":108,"column":3}},"loc":{"start":{"line":108,"column":38},"end":{"line":114,"column":3}},"line":108},"12":{"name":"(anonymous_12)","decl":{"start":{"line":116,"column":2},"end":{"line":116,"column":3}},"loc":{"start":{"line":116,"column":28},"end":{"line":123,"column":3}},"line":116},"13":{"name":"(anonymous_13)","decl":{"start":{"line":126,"column":2},"end":{"line":126,"column":3}},"loc":{"start":{"line":126,"column":55},"end":{"line":138,"column":3}},"line":126},"14":{"name":"(anonymous_14)","decl":{"start":{"line":141,"column":2},"end":{"line":141,"column":3}},"loc":{"start":{"line":141,"column":36},"end":{"line":148,"column":3}},"line":141},"15":{"name":"(anonymous_15)","decl":{"start":{"line":150,"column":2},"end":{"line":150,"column":3}},"loc":{"start":{"line":150,"column":31},"end":{"line":156,"column":3}},"line":150},"16":{"name":"(anonymous_16)","decl":{"start":{"line":157,"column":2},"end":{"line":157,"column":3}},"loc":{"start":{"line":157,"column":43},"end":{"line":166,"column":3}},"line":157},"17":{"name":"(anonymous_17)","decl":{"start":{"line":168,"column":2},"end":{"line":168,"column":3}},"loc":{"start":{"line":168,"column":51},"end":{"line":177,"column":3}},"line":168},"18":{"name":"(anonymous_18)","decl":{"start":{"line":179,"column":2},"end":{"line":179,"column":3}},"loc":{"start":{"line":179,"column":41},"end":{"line":187,"column":3}},"line":179},"19":{"name":"(anonymous_19)","decl":{"start":{"line":191,"column":2},"end":{"line":191,"column":3}},"loc":{"start":{"line":191,"column":43},"end":{"line":201,"column":3}},"line":191},"20":{"name":"(anonymous_20)","decl":{"start":{"line":203,"column":2},"end":{"line":203,"column":3}},"loc":{"start":{"line":203,"column":53},"end":{"line":208,"column":3}},"line":203},"21":{"name":"(anonymous_21)","decl":{"start":{"line":215,"column":2},"end":{"line":215,"column":3}},"loc":{"start":{"line":215,"column":58},"end":{"line":235,"column":3}},"line":215},"22":{"name":"(anonymous_22)","decl":{"start":{"line":219,"column":27},"end":{"line":219,"column":28}},"loc":{"start":{"line":219,"column":45},"end":{"line":234,"column":5}},"line":219},"23":{"name":"(anonymous_23)","decl":{"start":{"line":237,"column":2},"end":{"line":237,"column":3}},"loc":{"start":{"line":237,"column":34},"end":{"line":239,"column":3}},"line":237},"24":{"name":"(anonymous_24)","decl":{"start":{"line":241,"column":2},"end":{"line":241,"column":3}},"loc":{"start":{"line":241,"column":46},"end":{"line":243,"column":3}},"line":241},"25":{"name":"(anonymous_25)","decl":{"start":{"line":246,"column":2},"end":{"line":246,"column":3}},"loc":{"start":{"line":246,"column":32},"end":{"line":251,"column":3}},"line":246},"26":{"name":"(anonymous_26)","decl":{"start":{"line":254,"column":2},"end":{"line":254,"column":3}},"loc":{"start":{"line":254,"column":97},"end":{"line":301,"column":3}},"line":254},"27":{"name":"(anonymous_27)","decl":{"start":{"line":304,"column":2},"end":{"line":304,"column":3}},"loc":{"start":{"line":304,"column":30},"end":{"line":316,"column":3}},"line":304},"28":{"name":"(anonymous_28)","decl":{"start":{"line":319,"column":2},"end":{"line":319,"column":3}},"loc":{"start":{"line":319,"column":28},"end":{"line":330,"column":3}},"line":319},"29":{"name":"(anonymous_29)","decl":{"start":{"line":332,"column":2},"end":{"line":332,"column":3}},"loc":{"start":{"line":332,"column":30},"end":{"line":337,"column":3}},"line":332},"30":{"name":"(anonymous_30)","decl":{"start":{"line":340,"column":2},"end":{"line":340,"column":3}},"loc":{"start":{"line":340,"column":21},"end":{"line":366,"column":3}},"line":340},"31":{"name":"(anonymous_31)","decl":{"start":{"line":369,"column":2},"end":{"line":369,"column":3}},"loc":{"start":{"line":369,"column":35},"end":{"line":379,"column":3}},"line":369},"32":{"name":"(anonymous_32)","decl":{"start":{"line":382,"column":2},"end":{"line":382,"column":3}},"loc":{"start":{"line":382,"column":41},"end":{"line":387,"column":3}},"line":382},"33":{"name":"(anonymous_33)","decl":{"start":{"line":390,"column":2},"end":{"line":390,"column":3}},"loc":{"start":{"line":390,"column":80},"end":{"line":418,"column":3}},"line":390},"34":{"name":"(anonymous_34)","decl":{"start":{"line":421,"column":2},"end":{"line":421,"column":3}},"loc":{"start":{"line":421,"column":32},"end":{"line":430,"column":3}},"line":421},"35":{"name":"(anonymous_35)","decl":{"start":{"line":433,"column":2},"end":{"line":433,"column":3}},"loc":{"start":{"line":433,"column":31},"end":{"line":438,"column":3}},"line":433},"36":{"name":"(anonymous_36)","decl":{"start":{"line":442,"column":2},"end":{"line":442,"column":3}},"loc":{"start":{"line":442,"column":33},"end":{"line":454,"column":3}},"line":442},"37":{"name":"(anonymous_37)","decl":{"start":{"line":453,"column":27},"end":{"line":453,"column":28}},"loc":{"start":{"line":453,"column":34},"end":{"line":453,"column":38}},"line":453},"38":{"name":"(anonymous_38)","decl":{"start":{"line":456,"column":2},"end":{"line":456,"column":3}},"loc":{"start":{"line":456,"column":34},"end":{"line":469,"column":3}},"line":456},"39":{"name":"(anonymous_39)","decl":{"start":{"line":473,"column":2},"end":{"line":473,"column":3}},"loc":{"start":{"line":473,"column":52},"end":{"line":478,"column":3}},"line":473}},"branchMap":{"0":{"loc":{"start":{"line":11,"column":11},"end":{"line":11,"column":33}},"type":"binary-expr","locations":[{"start":{"line":11,"column":11},"end":{"line":11,"column":25}},{"start":{"line":11,"column":29},"end":{"line":11,"column":33}}],"line":11},"1":{"loc":{"start":{"line":19,"column":11},"end":{"line":19,"column":33}},"type":"binary-expr","locations":[{"start":{"line":19,"column":11},"end":{"line":19,"column":25}},{"start":{"line":19,"column":29},"end":{"line":19,"column":33}}],"line":19},"2":{"loc":{"start":{"line":27,"column":11},"end":{"line":27,"column":33}},"type":"binary-expr","locations":[{"start":{"line":27,"column":11},"end":{"line":27,"column":25}},{"start":{"line":27,"column":29},"end":{"line":27,"column":33}}],"line":27},"3":{"loc":{"start":{"line":36,"column":11},"end":{"line":36,"column":33}},"type":"binary-expr","locations":[{"start":{"line":36,"column":11},"end":{"line":36,"column":25}},{"start":{"line":36,"column":29},"end":{"line":36,"column":33}}],"line":36},"4":{"loc":{"start":{"line":44,"column":11},"end":{"line":44,"column":33}},"type":"binary-expr","locations":[{"start":{"line":44,"column":11},"end":{"line":44,"column":25}},{"start":{"line":44,"column":29},"end":{"line":44,"column":33}}],"line":44},"5":{"loc":{"start":{"line":126,"column":40},"end":{"line":126,"column":53}},"type":"default-arg","locations":[{"start":{"line":126,"column":52},"end":{"line":126,"column":53}}],"line":126},"6":{"loc":{"start":{"line":155,"column":11},"end":{"line":155,"column":33}},"type":"binary-expr","locations":[{"start":{"line":155,"column":11},"end":{"line":155,"column":25}},{"start":{"line":155,"column":29},"end":{"line":155,"column":33}}],"line":155},"7":{"loc":{"start":{"line":186,"column":11},"end":{"line":186,"column":33}},"type":"binary-expr","locations":[{"start":{"line":186,"column":11},"end":{"line":186,"column":25}},{"start":{"line":186,"column":29},"end":{"line":186,"column":33}}],"line":186},"8":{"loc":{"start":{"line":200,"column":11},"end":{"line":200,"column":33}},"type":"binary-expr","locations":[{"start":{"line":200,"column":11},"end":{"line":200,"column":25}},{"start":{"line":200,"column":29},"end":{"line":200,"column":33}}],"line":200},"9":{"loc":{"start":{"line":225,"column":6},"end":{"line":225,"column":41}},"type":"if","locations":[{"start":{"line":225,"column":6},"end":{"line":225,"column":41}},{"start":{},"end":{}}],"line":225},"10":{"loc":{"start":{"line":254,"column":22},"end":{"line":254,"column":33}},"type":"default-arg","locations":[{"start":{"line":254,"column":31},"end":{"line":254,"column":33}}],"line":254},"11":{"loc":{"start":{"line":254,"column":35},"end":{"line":254,"column":43}},"type":"default-arg","locations":[{"start":{"line":254,"column":42},"end":{"line":254,"column":43}}],"line":254},"12":{"loc":{"start":{"line":254,"column":45},"end":{"line":254,"column":55}},"type":"default-arg","locations":[{"start":{"line":254,"column":53},"end":{"line":254,"column":55}}],"line":254},"13":{"loc":{"start":{"line":254,"column":57},"end":{"line":254,"column":73}},"type":"default-arg","locations":[{"start":{"line":254,"column":69},"end":{"line":254,"column":73}}],"line":254},"14":{"loc":{"start":{"line":254,"column":75},"end":{"line":254,"column":93}},"type":"default-arg","locations":[{"start":{"line":254,"column":88},"end":{"line":254,"column":93}}],"line":254},"15":{"loc":{"start":{"line":261,"column":4},"end":{"line":264,"column":5}},"type":"if","locations":[{"start":{"line":261,"column":4},"end":{"line":264,"column":5}},{"start":{},"end":{}}],"line":261},"16":{"loc":{"start":{"line":266,"column":4},"end":{"line":268,"column":5}},"type":"if","locations":[{"start":{"line":266,"column":4},"end":{"line":268,"column":5}},{"start":{},"end":{}}],"line":266},"17":{"loc":{"start":{"line":283,"column":4},"end":{"line":286,"column":5}},"type":"if","locations":[{"start":{"line":283,"column":4},"end":{"line":286,"column":5}},{"start":{},"end":{}}],"line":283},"18":{"loc":{"start":{"line":287,"column":4},"end":{"line":289,"column":5}},"type":"if","locations":[{"start":{"line":287,"column":4},"end":{"line":289,"column":5}},{"start":{},"end":{}}],"line":287},"19":{"loc":{"start":{"line":315,"column":11},"end":{"line":315,"column":33}},"type":"binary-expr","locations":[{"start":{"line":315,"column":11},"end":{"line":315,"column":25}},{"start":{"line":315,"column":29},"end":{"line":315,"column":33}}],"line":315},"20":{"loc":{"start":{"line":329,"column":11},"end":{"line":329,"column":33}},"type":"binary-expr","locations":[{"start":{"line":329,"column":11},"end":{"line":329,"column":25}},{"start":{"line":329,"column":29},"end":{"line":329,"column":33}}],"line":329},"21":{"loc":{"start":{"line":370,"column":4},"end":{"line":370,"column":35}},"type":"if","locations":[{"start":{"line":370,"column":4},"end":{"line":370,"column":35}},{"start":{},"end":{}}],"line":370},"22":{"loc":{"start":{"line":390,"column":28},"end":{"line":390,"column":39}},"type":"default-arg","locations":[{"start":{"line":390,"column":37},"end":{"line":390,"column":39}}],"line":390},"23":{"loc":{"start":{"line":390,"column":41},"end":{"line":390,"column":49}},"type":"default-arg","locations":[{"start":{"line":390,"column":48},"end":{"line":390,"column":49}}],"line":390},"24":{"loc":{"start":{"line":390,"column":51},"end":{"line":390,"column":61}},"type":"default-arg","locations":[{"start":{"line":390,"column":59},"end":{"line":390,"column":61}}],"line":390},"25":{"loc":{"start":{"line":429,"column":11},"end":{"line":429,"column":33}},"type":"binary-expr","locations":[{"start":{"line":429,"column":11},"end":{"line":429,"column":25}},{"start":{"line":429,"column":29},"end":{"line":429,"column":33}}],"line":429},"26":{"loc":{"start":{"line":443,"column":4},"end":{"line":443,"column":52}},"type":"if","locations":[{"start":{"line":443,"column":4},"end":{"line":443,"column":52}},{"start":{},"end":{}}],"line":443},"27":{"loc":{"start":{"line":443,"column":8},"end":{"line":443,"column":40}},"type":"binary-expr","locations":[{"start":{"line":443,"column":8},"end":{"line":443,"column":16}},{"start":{"line":443,"column":20},"end":{"line":443,"column":40}}],"line":443}},"s":{"0":1,"1":1,"2":1,"3":35,"4":35,"5":20,"6":20,"7":10,"8":10,"9":4,"10":4,"11":3,"12":3,"13":3,"14":3,"15":3,"16":3,"17":1,"18":2,"19":2,"20":2,"21":3,"22":3,"23":3,"24":3,"25":1,"26":12,"27":12,"28":3,"29":3,"30":1,"31":1,"32":1,"33":1,"34":2,"35":2,"36":2,"37":2,"38":10,"39":6,"40":6,"41":6,"42":6,"43":6,"44":4,"45":2,"46":2,"47":2,"48":2,"49":3,"50":10,"51":0,"52":0,"53":0,"54":0,"55":0,"56":0,"57":0,"58":0,"59":0,"60":0,"61":0,"62":0,"63":0,"64":0,"65":0,"66":0,"67":0,"68":0,"69":0,"70":0,"71":0,"72":0,"73":0,"74":0,"75":0,"76":0,"77":0,"78":0,"79":0,"80":0,"81":0,"82":2,"83":2,"84":2,"85":2,"86":2,"87":10,"88":10,"89":0,"90":0,"91":0,"92":0,"93":0,"94":0,"95":0,"96":0,"97":0,"98":1},"f":{"0":35,"1":20,"2":10,"3":4,"4":3,"5":3,"6":1,"7":2,"8":2,"9":2,"10":3,"11":3,"12":1,"13":12,"14":12,"15":3,"16":1,"17":1,"18":2,"19":2,"20":10,"21":6,"22":6,"23":2,"24":3,"25":10,"26":0,"27":0,"28":0,"29":0,"30":0,"31":0,"32":0,"33":2,"34":10,"35":0,"36":0,"37":0,"38":0,"39":0},"b":{"0":[35,8],"1":[20,0],"2":[10,6],"3":[4,2],"4":[3,1],"5":[0],"6":[3,0],"7":[2,0],"8":[2,0],"9":[4,2],"10":[0],"11":[0],"12":[0],"13":[0],"14":[0],"15":[0,0],"16":[0,0],"17":[0,0],"18":[0,0],"19":[0,0],"20":[0,0],"21":[0,0],"22":[0],"23":[0],"24":[0],"25":[10,0],"26":[0,0],"27":[0,0]},"_coverageSchema":"1a1c01bbd47fc00a2c39e90264f33305004495a9","hash":"49a6fd8cdda8396c3157cb343f1a4393af38441f"}
,"/Users/tomascarrie/TDS-Final/users/src/modules/users/user.routes.js": {"path":"/Users/tomascarrie/TDS-Final/users/src/modules/users/user.routes.js","statementMap":{"0":{"start":{"line":1,"column":19},"end":{"line":1,"column":37}},"1":{"start":{"line":2,"column":27},"end":{"line":2,"column":55}},"2":{"start":{"line":3,"column":21},"end":{"line":3,"column":58}},"3":{"start":{"line":4,"column":25},"end":{"line":4,"column":66}},"4":{"start":{"line":5,"column":87},"end":{"line":5,"column":112}},"5":{"start":{"line":7,"column":15},"end":{"line":7,"column":23}},"6":{"start":{"line":10,"column":0},"end":{"line":10,"column":76}},"7":{"start":{"line":13,"column":0},"end":{"line":13,"column":84}},"8":{"start":{"line":16,"column":0},"end":{"line":16,"column":72}},"9":{"start":{"line":17,"column":0},"end":{"line":22,"column":2}},"10":{"start":{"line":24,"column":0},"end":{"line":24,"column":100}},"11":{"start":{"line":27,"column":0},"end":{"line":27,"column":64}},"12":{"start":{"line":29,"column":0},"end":{"line":29,"column":77}},"13":{"start":{"line":33,"column":0},"end":{"line":33,"column":66}},"14":{"start":{"line":36,"column":0},"end":{"line":36,"column":79}},"15":{"start":{"line":37,"column":0},"end":{"line":37,"column":81}},"16":{"start":{"line":39,"column":0},"end":{"line":39,"column":74}},"17":{"start":{"line":41,"column":0},"end":{"line":41,"column":24}}},"fnMap":{},"branchMap":{},"s":{"0":1,"1":1,"2":1,"3":1,"4":1,"5":1,"6":1,"7":1,"8":1,"9":1,"10":1,"11":1,"12":1,"13":1,"14":1,"15":1,"16":1,"17":1},"f":{},"b":{},"_coverageSchema":"1a1c01bbd47fc00a2c39e90264f33305004495a9","hash":"f5104b8ee8baf1ff5b5de95de100ce8fa67f6eac"}
,"/Users/tomascarrie/TDS-Final/users/src/modules/users/user.service.js": {"path":"/Users/tomascarrie/TDS-Final/users/src/modules/users/user.service.js","statementMap":{"0":{"start":{"line":1,"column":15},"end":{"line":1,"column":34}},"1":{"start":{"line":2,"column":23},"end":{"line":2,"column":38}},"2":{"start":{"line":3,"column":27},"end":{"line":3,"column":55}},"3":{"start":{"line":4,"column":34},"end":{"line":4,"column":64}},"4":{"start":{"line":5,"column":21},"end":{"line":5,"column":62}},"5":{"start":{"line":6,"column":26},"end":{"line":6,"column":64}},"6":{"start":{"line":7,"column":21},"end":{"line":7,"column":54}},"7":{"start":{"line":8,"column":32},"end":{"line":8,"column":76}},"8":{"start":{"line":10,"column":19},"end":{"line":10,"column":56}},"9":{"start":{"line":12,"column":27},"end":{"line":12,"column":29}},"10":{"start":{"line":15,"column":15},"end":{"line":15,"column":25}},"11":{"start":{"line":16,"column":2},"end":{"line":16,"column":54}},"12":{"start":{"line":17,"column":2},"end":{"line":17,"column":14}},"13":{"start":{"line":21,"column":2},"end":{"line":21,"column":49}},"14":{"start":{"line":21,"column":36},"end":{"line":21,"column":49}},"15":{"start":{"line":22,"column":2},"end":{"line":24,"column":3}},"16":{"start":{"line":23,"column":4},"end":{"line":23,"column":16}},"17":{"start":{"line":25,"column":2},"end":{"line":27,"column":3}},"18":{"start":{"line":26,"column":4},"end":{"line":26,"column":16}},"19":{"start":{"line":28,"column":2},"end":{"line":28,"column":15}},"20":{"start":{"line":31,"column":13},"end":{"line":31,"column":28}},"21":{"start":{"line":32,"column":15},"end":{"line":32,"column":32}},"22":{"start":{"line":33,"column":21},"end":{"line":33,"column":53}},"23":{"start":{"line":34,"column":16},"end":{"line":34,"column":43}},"24":{"start":{"line":36,"column":20},"end":{"line":388,"column":1}},"25":{"start":{"line":39,"column":18},"end":{"line":39,"column":43}},"26":{"start":{"line":40,"column":21},"end":{"line":40,"column":49}},"27":{"start":{"line":43,"column":26},"end":{"line":43,"column":65}},"28":{"start":{"line":44,"column":4},"end":{"line":46,"column":5}},"29":{"start":{"line":45,"column":6},"end":{"line":45,"column":61}},"30":{"start":{"line":49,"column":29},"end":{"line":49,"column":80}},"31":{"start":{"line":50,"column":4},"end":{"line":52,"column":5}},"32":{"start":{"line":51,"column":6},"end":{"line":51,"column":69}},"33":{"start":{"line":54,"column":4},"end":{"line":56,"column":5}},"34":{"start":{"line":55,"column":6},"end":{"line":55,"column":112}},"35":{"start":{"line":59,"column":25},"end":{"line":59,"column":62}},"36":{"start":{"line":62,"column":24},"end":{"line":62,"column":32}},"37":{"start":{"line":63,"column":22},"end":{"line":63,"column":38}},"38":{"start":{"line":65,"column":28},"end":{"line":65,"column":38}},"39":{"start":{"line":67,"column":17},"end":{"line":75,"column":6}},"40":{"start":{"line":78,"column":4},"end":{"line":80,"column":6}},"41":{"start":{"line":79,"column":6},"end":{"line":79,"column":132}},"42":{"start":{"line":82,"column":4},"end":{"line":82,"column":82}},"43":{"start":{"line":84,"column":4},"end":{"line":84,"column":16}},"44":{"start":{"line":90,"column":17},"end":{"line":90,"column":54}},"45":{"start":{"line":91,"column":4},"end":{"line":93,"column":5}},"46":{"start":{"line":92,"column":6},"end":{"line":92,"column":55}},"47":{"start":{"line":96,"column":26},"end":{"line":96,"column":76}},"48":{"start":{"line":97,"column":4},"end":{"line":99,"column":5}},"49":{"start":{"line":98,"column":6},"end":{"line":98,"column":55}},"50":{"start":{"line":102,"column":4},"end":{"line":102,"column":45}},"51":{"start":{"line":105,"column":4},"end":{"line":107,"column":5}},"52":{"start":{"line":106,"column":6},"end":{"line":106,"column":58}},"53":{"start":{"line":110,"column":4},"end":{"line":110,"column":43}},"54":{"start":{"line":111,"column":4},"end":{"line":111,"column":67}},"55":{"start":{"line":116,"column":18},"end":{"line":116,"column":61}},"56":{"start":{"line":117,"column":4},"end":{"line":119,"column":5}},"57":{"start":{"line":118,"column":6},"end":{"line":118,"column":61}},"58":{"start":{"line":120,"column":4},"end":{"line":120,"column":17}},"59":{"start":{"line":124,"column":17},"end":{"line":124,"column":54}},"60":{"start":{"line":125,"column":4},"end":{"line":127,"column":5}},"61":{"start":{"line":126,"column":6},"end":{"line":126,"column":55}},"62":{"start":{"line":129,"column":20},"end":{"line":129,"column":22}},"63":{"start":{"line":131,"column":4},"end":{"line":134,"column":5}},"64":{"start":{"line":132,"column":26},"end":{"line":132,"column":102}},"65":{"start":{"line":133,"column":6},"end":{"line":133,"column":62}},"66":{"start":{"line":136,"column":4},"end":{"line":139,"column":5}},"67":{"start":{"line":137,"column":26},"end":{"line":137,"column":116}},"68":{"start":{"line":138,"column":6},"end":{"line":138,"column":80}},"69":{"start":{"line":141,"column":4},"end":{"line":143,"column":5}},"70":{"start":{"line":142,"column":6},"end":{"line":142,"column":70}},"71":{"start":{"line":145,"column":4},"end":{"line":145,"column":19}},"72":{"start":{"line":149,"column":17},"end":{"line":149,"column":62}},"73":{"start":{"line":150,"column":4},"end":{"line":152,"column":5}},"74":{"start":{"line":151,"column":6},"end":{"line":151,"column":59}},"75":{"start":{"line":153,"column":4},"end":{"line":153,"column":47}},"76":{"start":{"line":157,"column":28},"end":{"line":157,"column":47}},"77":{"start":{"line":158,"column":17},"end":{"line":158,"column":66}},"78":{"start":{"line":159,"column":27},"end":{"line":159,"column":115}},"79":{"start":{"line":161,"column":4},"end":{"line":163,"column":5}},"80":{"start":{"line":162,"column":6},"end":{"line":162,"column":41}},"81":{"start":{"line":164,"column":21},"end":{"line":164,"column":29}},"82":{"start":{"line":165,"column":22},"end":{"line":165,"column":38}},"83":{"start":{"line":166,"column":4},"end":{"line":166,"column":73}},"84":{"start":{"line":167,"column":4},"end":{"line":169,"column":6}},"85":{"start":{"line":168,"column":6},"end":{"line":168,"column":132}},"86":{"start":{"line":171,"column":4},"end":{"line":171,"column":39}},"87":{"start":{"line":175,"column":17},"end":{"line":175,"column":54}},"88":{"start":{"line":176,"column":4},"end":{"line":178,"column":5}},"89":{"start":{"line":177,"column":6},"end":{"line":177,"column":55}},"90":{"start":{"line":180,"column":20},"end":{"line":180,"column":22}},"91":{"start":{"line":182,"column":4},"end":{"line":197,"column":5}},"92":{"start":{"line":184,"column":22},"end":{"line":184,"column":37}},"93":{"start":{"line":185,"column":6},"end":{"line":187,"column":7}},"94":{"start":{"line":186,"column":8},"end":{"line":186,"column":77}},"95":{"start":{"line":190,"column":23},"end":{"line":190,"column":67}},"96":{"start":{"line":191,"column":6},"end":{"line":193,"column":7}},"97":{"start":{"line":192,"column":8},"end":{"line":192,"column":71}},"98":{"start":{"line":195,"column":26},"end":{"line":195,"column":78}},"99":{"start":{"line":196,"column":6},"end":{"line":196,"column":46}},"100":{"start":{"line":199,"column":4},"end":{"line":210,"column":5}},"101":{"start":{"line":201,"column":24},"end":{"line":201,"column":64}},"102":{"start":{"line":203,"column":26},"end":{"line":203,"column":81}},"103":{"start":{"line":204,"column":6},"end":{"line":204,"column":48}},"104":{"start":{"line":207,"column":6},"end":{"line":209,"column":8}},"105":{"start":{"line":208,"column":8},"end":{"line":208,"column":87}},"106":{"start":{"line":212,"column":4},"end":{"line":212,"column":19}},"107":{"start":{"line":217,"column":4},"end":{"line":222,"column":7}},"108":{"start":{"line":226,"column":4},"end":{"line":226,"column":26}},"109":{"start":{"line":226,"column":16},"end":{"line":226,"column":26}},"110":{"start":{"line":227,"column":19},"end":{"line":233,"column":6}},"111":{"start":{"line":234,"column":4},"end":{"line":237,"column":8}},"112":{"start":{"line":234,"column":34},"end":{"line":237,"column":5}},"113":{"start":{"line":242,"column":17},"end":{"line":242,"column":59}},"114":{"start":{"line":243,"column":4},"end":{"line":245,"column":5}},"115":{"start":{"line":244,"column":6},"end":{"line":244,"column":50}},"116":{"start":{"line":252,"column":4},"end":{"line":354,"column":7}},"117":{"start":{"line":254,"column":6},"end":{"line":261,"column":7}},"118":{"start":{"line":255,"column":8},"end":{"line":258,"column":11}},"119":{"start":{"line":260,"column":8},"end":{"line":260,"column":88}},"120":{"start":{"line":263,"column":27},"end":{"line":263,"column":32}},"121":{"start":{"line":265,"column":6},"end":{"line":345,"column":9}},"122":{"start":{"line":266,"column":8},"end":{"line":266,"column":30}},"123":{"start":{"line":269,"column":20},"end":{"line":269,"column":61}},"124":{"start":{"line":270,"column":8},"end":{"line":273,"column":9}},"125":{"start":{"line":271,"column":10},"end":{"line":271,"column":24}},"126":{"start":{"line":272,"column":10},"end":{"line":272,"column":80}},"127":{"start":{"line":275,"column":31},"end":{"line":275,"column":62}},"128":{"start":{"line":276,"column":25},"end":{"line":276,"column":68}},"129":{"start":{"line":277,"column":23},"end":{"line":277,"column":25}},"130":{"start":{"line":278,"column":25},"end":{"line":278,"column":26}},"131":{"start":{"line":279,"column":27},"end":{"line":279,"column":32}},"132":{"start":{"line":280,"column":30},"end":{"line":280,"column":34}},"133":{"start":{"line":282,"column":8},"end":{"line":305,"column":11}},"134":{"start":{"line":283,"column":10},"end":{"line":283,"column":38}},"135":{"start":{"line":283,"column":31},"end":{"line":283,"column":38}},"136":{"start":{"line":285,"column":10},"end":{"line":285,"column":37}},"137":{"start":{"line":288,"column":10},"end":{"line":292,"column":11}},"138":{"start":{"line":289,"column":12},"end":{"line":289,"column":86}},"139":{"start":{"line":290,"column":12},"end":{"line":290,"column":26}},"140":{"start":{"line":291,"column":12},"end":{"line":291,"column":19}},"141":{"start":{"line":295,"column":10},"end":{"line":302,"column":11}},"142":{"start":{"line":296,"column":12},"end":{"line":296,"column":32}},"143":{"start":{"line":297,"column":12},"end":{"line":301,"column":13}},"144":{"start":{"line":298,"column":14},"end":{"line":298,"column":101}},"145":{"start":{"line":299,"column":14},"end":{"line":299,"column":28}},"146":{"start":{"line":300,"column":14},"end":{"line":300,"column":21}},"147":{"start":{"line":304,"column":10},"end":{"line":304,"column":29}},"148":{"start":{"line":307,"column":8},"end":{"line":310,"column":11}},"149":{"start":{"line":308,"column":10},"end":{"line":308,"column":103}},"150":{"start":{"line":309,"column":10},"end":{"line":309,"column":24}},"151":{"start":{"line":315,"column":8},"end":{"line":344,"column":11}},"152":{"start":{"line":316,"column":10},"end":{"line":316,"column":62}},"153":{"start":{"line":316,"column":31},"end":{"line":316,"column":62}},"154":{"start":{"line":318,"column":10},"end":{"line":343,"column":11}},"155":{"start":{"line":319,"column":27},"end":{"line":319,"column":48}},"156":{"start":{"line":322,"column":25},"end":{"line":322,"column":69}},"157":{"start":{"line":323,"column":12},"end":{"line":326,"column":13}},"158":{"start":{"line":324,"column":26},"end":{"line":324,"column":77}},"159":{"start":{"line":325,"column":14},"end":{"line":325,"column":85}},"160":{"start":{"line":329,"column":41},"end":{"line":331,"column":86}},"161":{"start":{"line":333,"column":12},"end":{"line":333,"column":91}},"162":{"start":{"line":333,"column":27},"end":{"line":333,"column":91}},"163":{"start":{"line":335,"column":29},"end":{"line":337,"column":43}},"164":{"start":{"line":339,"column":12},"end":{"line":339,"column":76}},"165":{"start":{"line":340,"column":12},"end":{"line":340,"column":36}},"166":{"start":{"line":342,"column":12},"end":{"line":342,"column":24}},"167":{"start":{"line":348,"column":6},"end":{"line":350,"column":9}},"168":{"start":{"line":349,"column":8},"end":{"line":349,"column":86}},"169":{"start":{"line":349,"column":29},"end":{"line":349,"column":86}},"170":{"start":{"line":352,"column":6},"end":{"line":352,"column":33}},"171":{"start":{"line":353,"column":6},"end":{"line":353,"column":23}},"172":{"start":{"line":359,"column":17},"end":{"line":359,"column":61}},"173":{"start":{"line":360,"column":4},"end":{"line":362,"column":5}},"174":{"start":{"line":361,"column":6},"end":{"line":361,"column":55}},"175":{"start":{"line":364,"column":4},"end":{"line":367,"column":5}},"176":{"start":{"line":365,"column":23},"end":{"line":365,"column":74}},"177":{"start":{"line":366,"column":6},"end":{"line":366,"column":82}},"178":{"start":{"line":369,"column":4},"end":{"line":369,"column":58}},"179":{"start":{"line":372,"column":19},"end":{"line":372,"column":61}},"180":{"start":{"line":373,"column":4},"end":{"line":375,"column":5}},"181":{"start":{"line":374,"column":6},"end":{"line":374,"column":55}},"182":{"start":{"line":376,"column":26},"end":{"line":376,"column":39}},"183":{"start":{"line":377,"column":21},"end":{"line":379,"column":13}},"184":{"start":{"line":380,"column":4},"end":{"line":386,"column":6}},"185":{"start":{"line":390,"column":0},"end":{"line":390,"column":33}}},"fnMap":{"0":{"name":"tokenExpiresAt","decl":{"start":{"line":14,"column":9},"end":{"line":14,"column":23}},"loc":{"start":{"line":14,"column":26},"end":{"line":18,"column":1}},"line":14},"1":{"name":"isValidMagicNumber","decl":{"start":{"line":20,"column":9},"end":{"line":20,"column":27}},"loc":{"start":{"line":20,"column":36},"end":{"line":29,"column":1}},"line":20},"2":{"name":"(anonymous_2)","decl":{"start":{"line":37,"column":2},"end":{"line":37,"column":3}},"loc":{"start":{"line":37,"column":24},"end":{"line":85,"column":3}},"line":37},"3":{"name":"(anonymous_3)","decl":{"start":{"line":78,"column":52},"end":{"line":78,"column":53}},"loc":{"start":{"line":79,"column":6},"end":{"line":79,"column":132}},"line":79},"4":{"name":"(anonymous_4)","decl":{"start":{"line":89,"column":2},"end":{"line":89,"column":3}},"loc":{"start":{"line":89,"column":33},"end":{"line":112,"column":3}},"line":89},"5":{"name":"(anonymous_5)","decl":{"start":{"line":115,"column":2},"end":{"line":115,"column":3}},"loc":{"start":{"line":115,"column":31},"end":{"line":121,"column":3}},"line":115},"6":{"name":"(anonymous_6)","decl":{"start":{"line":123,"column":2},"end":{"line":123,"column":3}},"loc":{"start":{"line":123,"column":46},"end":{"line":146,"column":3}},"line":123},"7":{"name":"(anonymous_7)","decl":{"start":{"line":148,"column":2},"end":{"line":148,"column":3}},"loc":{"start":{"line":148,"column":27},"end":{"line":154,"column":3}},"line":148},"8":{"name":"(anonymous_8)","decl":{"start":{"line":156,"column":2},"end":{"line":156,"column":3}},"loc":{"start":{"line":156,"column":34},"end":{"line":172,"column":3}},"line":156},"9":{"name":"(anonymous_9)","decl":{"start":{"line":167,"column":59},"end":{"line":167,"column":60}},"loc":{"start":{"line":168,"column":6},"end":{"line":168,"column":132}},"line":168},"10":{"name":"(anonymous_10)","decl":{"start":{"line":174,"column":2},"end":{"line":174,"column":3}},"loc":{"start":{"line":174,"column":55},"end":{"line":213,"column":3}},"line":174},"11":{"name":"(anonymous_11)","decl":{"start":{"line":207,"column":65},"end":{"line":207,"column":66}},"loc":{"start":{"line":208,"column":8},"end":{"line":208,"column":87}},"line":208},"12":{"name":"(anonymous_12)","decl":{"start":{"line":216,"column":2},"end":{"line":216,"column":3}},"loc":{"start":{"line":216,"column":67},"end":{"line":223,"column":3}},"line":216},"13":{"name":"(anonymous_13)","decl":{"start":{"line":225,"column":2},"end":{"line":225,"column":3}},"loc":{"start":{"line":225,"column":44},"end":{"line":238,"column":3}},"line":225},"14":{"name":"(anonymous_14)","decl":{"start":{"line":234,"column":28},"end":{"line":234,"column":29}},"loc":{"start":{"line":234,"column":34},"end":{"line":237,"column":5}},"line":234},"15":{"name":"(anonymous_15)","decl":{"start":{"line":241,"column":2},"end":{"line":241,"column":3}},"loc":{"start":{"line":241,"column":26},"end":{"line":246,"column":3}},"line":241},"16":{"name":"(anonymous_16)","decl":{"start":{"line":251,"column":2},"end":{"line":251,"column":3}},"loc":{"start":{"line":251,"column":40},"end":{"line":355,"column":3}},"line":251},"17":{"name":"(anonymous_17)","decl":{"start":{"line":252,"column":23},"end":{"line":252,"column":24}},"loc":{"start":{"line":252,"column":44},"end":{"line":354,"column":5}},"line":252},"18":{"name":"(anonymous_18)","decl":{"start":{"line":265,"column":24},"end":{"line":265,"column":25}},"loc":{"start":{"line":265,"column":46},"end":{"line":345,"column":7}},"line":265},"19":{"name":"(anonymous_19)","decl":{"start":{"line":282,"column":24},"end":{"line":282,"column":25}},"loc":{"start":{"line":282,"column":35},"end":{"line":305,"column":9}},"line":282},"20":{"name":"(anonymous_20)","decl":{"start":{"line":307,"column":25},"end":{"line":307,"column":26}},"loc":{"start":{"line":307,"column":31},"end":{"line":310,"column":9}},"line":307},"21":{"name":"(anonymous_21)","decl":{"start":{"line":315,"column":23},"end":{"line":315,"column":24}},"loc":{"start":{"line":315,"column":35},"end":{"line":344,"column":9}},"line":315},"22":{"name":"(anonymous_22)","decl":{"start":{"line":348,"column":26},"end":{"line":348,"column":27}},"loc":{"start":{"line":348,"column":32},"end":{"line":350,"column":7}},"line":348},"23":{"name":"(anonymous_23)","decl":{"start":{"line":358,"column":2},"end":{"line":358,"column":3}},"loc":{"start":{"line":358,"column":35},"end":{"line":370,"column":3}},"line":358},"24":{"name":"(anonymous_24)","decl":{"start":{"line":371,"column":2},"end":{"line":371,"column":3}},"loc":{"start":{"line":371,"column":33},"end":{"line":387,"column":3}},"line":371}},"branchMap":{"0":{"loc":{"start":{"line":21,"column":2},"end":{"line":21,"column":49}},"type":"if","locations":[{"start":{"line":21,"column":2},"end":{"line":21,"column":49}},{"start":{},"end":{}}],"line":21},"1":{"loc":{"start":{"line":21,"column":6},"end":{"line":21,"column":34}},"type":"binary-expr","locations":[{"start":{"line":21,"column":6},"end":{"line":21,"column":13}},{"start":{"line":21,"column":17},"end":{"line":21,"column":34}}],"line":21},"2":{"loc":{"start":{"line":22,"column":2},"end":{"line":24,"column":3}},"type":"if","locations":[{"start":{"line":22,"column":2},"end":{"line":24,"column":3}},{"start":{},"end":{}}],"line":22},"3":{"loc":{"start":{"line":22,"column":6},"end":{"line":22,"column":90}},"type":"binary-expr","locations":[{"start":{"line":22,"column":6},"end":{"line":22,"column":24}},{"start":{"line":22,"column":28},"end":{"line":22,"column":46}},{"start":{"line":22,"column":50},"end":{"line":22,"column":68}},{"start":{"line":22,"column":72},"end":{"line":22,"column":90}}],"line":22},"4":{"loc":{"start":{"line":25,"column":2},"end":{"line":27,"column":3}},"type":"if","locations":[{"start":{"line":25,"column":2},"end":{"line":27,"column":3}},{"start":{},"end":{}}],"line":25},"5":{"loc":{"start":{"line":25,"column":6},"end":{"line":25,"column":68}},"type":"binary-expr","locations":[{"start":{"line":25,"column":6},"end":{"line":25,"column":24}},{"start":{"line":25,"column":28},"end":{"line":25,"column":46}},{"start":{"line":25,"column":50},"end":{"line":25,"column":68}}],"line":25},"6":{"loc":{"start":{"line":44,"column":4},"end":{"line":46,"column":5}},"type":"if","locations":[{"start":{"line":44,"column":4},"end":{"line":46,"column":5}},{"start":{},"end":{}}],"line":44},"7":{"loc":{"start":{"line":50,"column":4},"end":{"line":52,"column":5}},"type":"if","locations":[{"start":{"line":50,"column":4},"end":{"line":52,"column":5}},{"start":{},"end":{}}],"line":50},"8":{"loc":{"start":{"line":54,"column":4},"end":{"line":56,"column":5}},"type":"if","locations":[{"start":{"line":54,"column":4},"end":{"line":56,"column":5}},{"start":{},"end":{}}],"line":54},"9":{"loc":{"start":{"line":91,"column":4},"end":{"line":93,"column":5}},"type":"if","locations":[{"start":{"line":91,"column":4},"end":{"line":93,"column":5}},{"start":{},"end":{}}],"line":91},"10":{"loc":{"start":{"line":97,"column":4},"end":{"line":99,"column":5}},"type":"if","locations":[{"start":{"line":97,"column":4},"end":{"line":99,"column":5}},{"start":{},"end":{}}],"line":97},"11":{"loc":{"start":{"line":105,"column":4},"end":{"line":107,"column":5}},"type":"if","locations":[{"start":{"line":105,"column":4},"end":{"line":107,"column":5}},{"start":{},"end":{}}],"line":105},"12":{"loc":{"start":{"line":117,"column":4},"end":{"line":119,"column":5}},"type":"if","locations":[{"start":{"line":117,"column":4},"end":{"line":119,"column":5}},{"start":{},"end":{}}],"line":117},"13":{"loc":{"start":{"line":125,"column":4},"end":{"line":127,"column":5}},"type":"if","locations":[{"start":{"line":125,"column":4},"end":{"line":127,"column":5}},{"start":{},"end":{}}],"line":125},"14":{"loc":{"start":{"line":131,"column":4},"end":{"line":134,"column":5}},"type":"if","locations":[{"start":{"line":131,"column":4},"end":{"line":134,"column":5}},{"start":{},"end":{}}],"line":131},"15":{"loc":{"start":{"line":136,"column":4},"end":{"line":139,"column":5}},"type":"if","locations":[{"start":{"line":136,"column":4},"end":{"line":139,"column":5}},{"start":{},"end":{}}],"line":136},"16":{"loc":{"start":{"line":141,"column":4},"end":{"line":143,"column":5}},"type":"if","locations":[{"start":{"line":141,"column":4},"end":{"line":143,"column":5}},{"start":{},"end":{}}],"line":141},"17":{"loc":{"start":{"line":150,"column":4},"end":{"line":152,"column":5}},"type":"if","locations":[{"start":{"line":150,"column":4},"end":{"line":152,"column":5}},{"start":{},"end":{}}],"line":150},"18":{"loc":{"start":{"line":161,"column":4},"end":{"line":163,"column":5}},"type":"if","locations":[{"start":{"line":161,"column":4},"end":{"line":163,"column":5}},{"start":{},"end":{}}],"line":161},"19":{"loc":{"start":{"line":161,"column":8},"end":{"line":161,"column":33}},"type":"binary-expr","locations":[{"start":{"line":161,"column":8},"end":{"line":161,"column":13}},{"start":{"line":161,"column":17},"end":{"line":161,"column":33}}],"line":161},"20":{"loc":{"start":{"line":176,"column":4},"end":{"line":178,"column":5}},"type":"if","locations":[{"start":{"line":176,"column":4},"end":{"line":178,"column":5}},{"start":{},"end":{}}],"line":176},"21":{"loc":{"start":{"line":182,"column":4},"end":{"line":197,"column":5}},"type":"if","locations":[{"start":{"line":182,"column":4},"end":{"line":197,"column":5}},{"start":{},"end":{}}],"line":182},"22":{"loc":{"start":{"line":185,"column":6},"end":{"line":187,"column":7}},"type":"if","locations":[{"start":{"line":185,"column":6},"end":{"line":187,"column":7}},{"start":{},"end":{}}],"line":185},"23":{"loc":{"start":{"line":191,"column":6},"end":{"line":193,"column":7}},"type":"if","locations":[{"start":{"line":191,"column":6},"end":{"line":193,"column":7}},{"start":{},"end":{}}],"line":191},"24":{"loc":{"start":{"line":191,"column":10},"end":{"line":191,"column":44}},"type":"binary-expr","locations":[{"start":{"line":191,"column":10},"end":{"line":191,"column":18}},{"start":{"line":191,"column":22},"end":{"line":191,"column":44}}],"line":191},"25":{"loc":{"start":{"line":199,"column":4},"end":{"line":210,"column":5}},"type":"if","locations":[{"start":{"line":199,"column":4},"end":{"line":210,"column":5}},{"start":{},"end":{}}],"line":199},"26":{"loc":{"start":{"line":216,"column":35},"end":{"line":216,"column":41}},"type":"default-arg","locations":[{"start":{"line":216,"column":39},"end":{"line":216,"column":41}}],"line":216},"27":{"loc":{"start":{"line":216,"column":43},"end":{"line":216,"column":51}},"type":"default-arg","locations":[{"start":{"line":216,"column":50},"end":{"line":216,"column":51}}],"line":216},"28":{"loc":{"start":{"line":216,"column":53},"end":{"line":216,"column":63}},"type":"default-arg","locations":[{"start":{"line":216,"column":61},"end":{"line":216,"column":63}}],"line":216},"29":{"loc":{"start":{"line":226,"column":4},"end":{"line":226,"column":26}},"type":"if","locations":[{"start":{"line":226,"column":4},"end":{"line":226,"column":26}},{"start":{},"end":{}}],"line":226},"30":{"loc":{"start":{"line":243,"column":4},"end":{"line":245,"column":5}},"type":"if","locations":[{"start":{"line":243,"column":4},"end":{"line":245,"column":5}},{"start":{},"end":{}}],"line":243},"31":{"loc":{"start":{"line":243,"column":8},"end":{"line":243,"column":32}},"type":"binary-expr","locations":[{"start":{"line":243,"column":8},"end":{"line":243,"column":12}},{"start":{"line":243,"column":16},"end":{"line":243,"column":32}}],"line":243},"32":{"loc":{"start":{"line":270,"column":8},"end":{"line":273,"column":9}},"type":"if","locations":[{"start":{"line":270,"column":8},"end":{"line":273,"column":9}},{"start":{},"end":{}}],"line":270},"33":{"loc":{"start":{"line":276,"column":25},"end":{"line":276,"column":68}},"type":"cond-expr","locations":[{"start":{"line":276,"column":42},"end":{"line":276,"column":53}},{"start":{"line":276,"column":56},"end":{"line":276,"column":68}}],"line":276},"34":{"loc":{"start":{"line":283,"column":10},"end":{"line":283,"column":38}},"type":"if","locations":[{"start":{"line":283,"column":10},"end":{"line":283,"column":38}},{"start":{},"end":{}}],"line":283},"35":{"loc":{"start":{"line":288,"column":10},"end":{"line":292,"column":11}},"type":"if","locations":[{"start":{"line":288,"column":10},"end":{"line":292,"column":11}},{"start":{},"end":{}}],"line":288},"36":{"loc":{"start":{"line":295,"column":10},"end":{"line":302,"column":11}},"type":"if","locations":[{"start":{"line":295,"column":10},"end":{"line":302,"column":11}},{"start":{},"end":{}}],"line":295},"37":{"loc":{"start":{"line":297,"column":12},"end":{"line":301,"column":13}},"type":"if","locations":[{"start":{"line":297,"column":12},"end":{"line":301,"column":13}},{"start":{},"end":{}}],"line":297},"38":{"loc":{"start":{"line":308,"column":28},"end":{"line":308,"column":102}},"type":"binary-expr","locations":[{"start":{"line":308,"column":28},"end":{"line":308,"column":43}},{"start":{"line":308,"column":47},"end":{"line":308,"column":102}}],"line":308},"39":{"loc":{"start":{"line":316,"column":10},"end":{"line":316,"column":62}},"type":"if","locations":[{"start":{"line":316,"column":10},"end":{"line":316,"column":62}},{"start":{},"end":{}}],"line":316},"40":{"loc":{"start":{"line":323,"column":12},"end":{"line":326,"column":13}},"type":"if","locations":[{"start":{"line":323,"column":12},"end":{"line":326,"column":13}},{"start":{},"end":{}}],"line":323},"41":{"loc":{"start":{"line":333,"column":12},"end":{"line":333,"column":91}},"type":"if","locations":[{"start":{"line":333,"column":12},"end":{"line":333,"column":91}},{"start":{},"end":{}}],"line":333},"42":{"loc":{"start":{"line":349,"column":8},"end":{"line":349,"column":86}},"type":"if","locations":[{"start":{"line":349,"column":8},"end":{"line":349,"column":86}},{"start":{},"end":{}}],"line":349},"43":{"loc":{"start":{"line":360,"column":4},"end":{"line":362,"column":5}},"type":"if","locations":[{"start":{"line":360,"column":4},"end":{"line":362,"column":5}},{"start":{},"end":{}}],"line":360},"44":{"loc":{"start":{"line":364,"column":4},"end":{"line":367,"column":5}},"type":"if","locations":[{"start":{"line":364,"column":4},"end":{"line":367,"column":5}},{"start":{},"end":{}}],"line":364},"45":{"loc":{"start":{"line":373,"column":4},"end":{"line":375,"column":5}},"type":"if","locations":[{"start":{"line":373,"column":4},"end":{"line":375,"column":5}},{"start":{},"end":{}}],"line":373},"46":{"loc":{"start":{"line":373,"column":8},"end":{"line":373,"column":59}},"type":"binary-expr","locations":[{"start":{"line":373,"column":8},"end":{"line":373,"column":15}},{"start":{"line":373,"column":19},"end":{"line":373,"column":36}},{"start":{"line":373,"column":40},"end":{"line":373,"column":59}}],"line":373},"47":{"loc":{"start":{"line":377,"column":21},"end":{"line":379,"column":13}},"type":"cond-expr","locations":[{"start":{"line":378,"column":8},"end":{"line":378,"column":79}},{"start":{"line":379,"column":8},"end":{"line":379,"column":13}}],"line":377},"48":{"loc":{"start":{"line":377,"column":21},"end":{"line":377,"column":62}},"type":"binary-expr","locations":[{"start":{"line":377,"column":21},"end":{"line":377,"column":40}},{"start":{"line":377,"column":44},"end":{"line":377,"column":62}}],"line":377},"49":{"loc":{"start":{"line":383,"column":17},"end":{"line":383,"column":39}},"type":"binary-expr","locations":[{"start":{"line":383,"column":17},"end":{"line":383,"column":33}},{"start":{"line":383,"column":37},"end":{"line":383,"column":39}}],"line":383}},"s":{"0":1,"1":1,"2":1,"3":1,"4":1,"5":1,"6":1,"7":1,"8":1,"9":1,"10":3,"11":3,"12":3,"13":0,"14":0,"15":0,"16":0,"17":0,"18":0,"19":0,"20":1,"21":1,"22":1,"23":1,"24":1,"25":6,"26":6,"27":6,"28":6,"29":1,"30":5,"31":5,"32":1,"33":4,"34":1,"35":3,"36":3,"37":3,"38":3,"39":3,"40":3,"41":0,"42":3,"43":3,"44":2,"45":2,"46":0,"47":2,"48":2,"49":1,"50":1,"51":1,"52":0,"53":1,"54":1,"55":3,"56":3,"57":0,"58":3,"59":3,"60":3,"61":0,"62":3,"63":3,"64":1,"65":1,"66":3,"67":1,"68":1,"69":3,"70":1,"71":2,"72":0,"73":0,"74":0,"75":0,"76":0,"77":0,"78":0,"79":0,"80":0,"81":0,"82":0,"83":0,"84":0,"85":0,"86":0,"87":5,"88":5,"89":0,"90":5,"91":5,"92":3,"93":3,"94":0,"95":3,"96":3,"97":1,"98":2,"99":2,"100":4,"101":2,"102":2,"103":2,"104":2,"105":0,"106":4,"107":2,"108":0,"109":0,"110":0,"111":0,"112":0,"113":0,"114":0,"115":0,"116":0,"117":0,"118":0,"119":0,"120":0,"121":0,"122":0,"123":0,"124":0,"125":0,"126":0,"127":0,"128":0,"129":0,"130":0,"131":0,"132":0,"133":0,"134":0,"135":0,"136":0,"137":0,"138":0,"139":0,"140":0,"141":0,"142":0,"143":0,"144":0,"145":0,"146":0,"147":0,"148":0,"149":0,"150":0,"151":0,"152":0,"153":0,"154":0,"155":0,"156":0,"157":0,"158":0,"159":0,"160":0,"161":0,"162":0,"163":0,"164":0,"165":0,"166":0,"167":0,"168":0,"169":0,"170":0,"171":0,"172":0,"173":0,"174":0,"175":0,"176":0,"177":0,"178":0,"179":0,"180":0,"181":0,"182":0,"183":0,"184":0,"185":1},"f":{"0":3,"1":0,"2":6,"3":0,"4":2,"5":3,"6":3,"7":0,"8":0,"9":0,"10":5,"11":0,"12":2,"13":0,"14":0,"15":0,"16":0,"17":0,"18":0,"19":0,"20":0,"21":0,"22":0,"23":0,"24":0},"b":{"0":[0,0],"1":[0,0],"2":[0,0],"3":[0,0,0,0],"4":[0,0],"5":[0,0,0],"6":[1,5],"7":[1,4],"8":[1,3],"9":[0,2],"10":[1,1],"11":[0,1],"12":[0,3],"13":[0,3],"14":[1,2],"15":[1,2],"16":[1,2],"17":[0,0],"18":[0,0],"19":[0,0],"20":[0,5],"21":[3,2],"22":[0,3],"23":[1,2],"24":[3,2],"25":[2,2],"26":[0],"27":[0],"28":[0],"29":[0,0],"30":[0,0],"31":[0,0],"32":[0,0],"33":[0,0],"34":[0,0],"35":[0,0],"36":[0,0],"37":[0,0],"38":[0,0],"39":[0,0],"40":[0,0],"41":[0,0],"42":[0,0],"43":[0,0],"44":[0,0],"45":[0,0],"46":[0,0,0],"47":[0,0],"48":[0,0],"49":[0,0]},"_coverageSchema":"1a1c01bbd47fc00a2c39e90264f33305004495a9","hash":"903ae50e7206a82ae962f06891e9ee46b2ff24ca"}
}
