TN:
SF:src/middlewares/authenticate.js
FN:6,authenticate
FNF:1
FNH:1
FNDA:41,authenticate
DA:1,1
DA:2,1
DA:3,1
DA:4,1
DA:7,41
DA:8,41
DA:12,41
DA:13,6
DA:16,35
DA:17,35
DA:20,33
DA:21,33
DA:22,32
DA:23,0
DA:29,33
DA:30,33
DA:32,2
DA:36,1
LF:18
LH:17
BRDA:8,0,0,35
BRDA:8,0,1,6
BRDA:8,1,0,41
BRDA:8,1,1,35
BRDA:12,2,0,6
BRDA:12,2,1,35
BRDA:22,3,0,0
BRDA:22,3,1,32
BRDA:22,4,0,32
BRDA:22,4,1,0
BRF:10
BRH:8
end_of_record
TN:
SF:src/modules/auth/auth.controller.js
FN:4,(anonymous_0)
FN:21,(anonymous_1)
FN:35,(anonymous_2)
FN:45,(anonymous_3)
FN:54,(anonymous_4)
FN:64,(anonymous_5)
FN:222,(anonymous_6)
FN:232,(anonymous_7)
FN:242,(anonymous_8)
FNF:9
FNH:8
FNDA:23,(anonymous_0)
FNDA:7,(anonymous_1)
FNDA:4,(anonymous_2)
FNDA:4,(anonymous_3)
FNDA:3,(anonymous_4)
FNDA:0,(anonymous_5)
FNDA:8,(anonymous_6)
FNDA:4,(anonymous_7)
FNDA:3,(anonymous_8)
DA:1,1
DA:3,1
DA:5,23
DA:6,23
DA:10,10
DA:17,13
DA:22,7
DA:23,7
DA:24,7
DA:25,1
DA:28,6
DA:29,2
DA:31,4
DA:36,4
DA:37,4
DA:38,4
DA:39,4
DA:41,0
DA:46,4
DA:47,4
DA:48,1
DA:50,3
DA:55,3
DA:56,3
DA:57,3
DA:58,3
DA:60,0
DA:65,0
DA:66,0
DA:67,0
DA:68,0
DA:70,0
DA:72,0
DA:74,0
DA:198,0
DA:223,8
DA:224,8
DA:225,8
DA:226,2
DA:228,6
DA:233,4
DA:234,4
DA:235,4
DA:236,2
DA:238,2
DA:243,3
DA:244,3
DA:245,3
DA:247,0
DA:252,1
LF:50
LH:39
BRDA:24,0,0,1
BRDA:24,0,1,6
BRDA:70,1,0,0
BRDA:70,1,1,0
BRDA:72,2,0,0
BRDA:72,2,1,0
BRDA:212,3,0,0
BRDA:212,3,1,0
BRF:8
BRH:2
end_of_record
TN:
SF:src/modules/auth/auth.routes.js
FNF:0
FNH:0
DA:1,1
DA:2,1
DA:3,1
DA:4,1
DA:5,1
DA:7,1
DA:10,1
DA:13,1
DA:16,1
DA:19,1
DA:22,1
DA:25,1
DA:27,1
DA:30,1
DA:33,1
DA:38,1
LF:16
LH:16
BRF:0
BRH:0
end_of_record
TN:
SF:src/modules/auth/auth.service.js
FN:15,publishRevocation
FN:17,(anonymous_1)
FN:22,tokenExpiresAt
FN:30,(anonymous_3)
FN:112,(anonymous_4)
FN:141,(anonymous_5)
FN:148,(anonymous_6)
FN:178,(anonymous_7)
FN:207,(anonymous_8)
FN:223,(anonymous_9)
FN:239,(anonymous_10)
FN:275,(anonymous_11)
FN:282,(anonymous_12)
FN:295,(anonymous_13)
FN:320,(anonymous_14)
FNF:15
FNH:10
FNDA:6,publishRevocation
FNDA:0,(anonymous_1)
FNDA:1,tokenExpiresAt
FNDA:23,(anonymous_3)
FNDA:4,(anonymous_4)
FNDA:0,(anonymous_5)
FNDA:4,(anonymous_6)
FNDA:6,(anonymous_7)
FNDA:3,(anonymous_8)
FNDA:0,(anonymous_9)
FNDA:8,(anonymous_10)
FNDA:0,(anonymous_11)
FNDA:4,(anonymous_12)
FNDA:3,(anonymous_13)
FNDA:0,(anonymous_14)
DA:1,1
DA:2,1
DA:3,1
DA:4,1
DA:5,1
DA:7,1
DA:8,1
DA:9,1
DA:10,1
DA:11,1
DA:13,1
DA:16,6
DA:17,0
DA:20,1
DA:23,1
DA:24,1
DA:25,1
DA:27,1
DA:29,1
DA:32,23
DA:33,23
DA:34,22
DA:36,1
DA:40,23
DA:42,1
DA:43,1
DA:47,22
DA:48,2
DA:49,2
DA:53,20
DA:54,1
DA:55,1
DA:56,1
DA:59,0
DA:63,19
DA:64,1
DA:65,1
DA:68,18
DA:69,18
DA:71,8
DA:72,8
DA:73,8
DA:77,10
DA:78,10
DA:81,10
DA:88,10
DA:89,10
DA:90,10
DA:93,10
DA:95,10
DA:97,10
DA:114,4
DA:115,4
DA:116,1
DA:120,4
DA:122,4
DA:123,1
DA:127,3
DA:128,3
DA:130,1
DA:134,2
DA:135,2
DA:136,2
DA:138,2
DA:139,2
DA:141,2
DA:142,0
DA:145,2
DA:150,4
DA:151,1
DA:155,3
DA:156,3
DA:157,1
DA:161,2
DA:162,2
DA:163,1
DA:167,1
DA:168,1
DA:170,1
DA:171,1
DA:173,1
DA:175,1
DA:179,6
DA:180,6
DA:184,6
DA:185,6
DA:186,4
DA:189,2
DA:190,2
DA:191,0
DA:194,2
DA:195,0
DA:198,2
DA:204,2
DA:208,3
DA:209,2
DA:212,3
DA:213,3
DA:216,3
DA:218,3
DA:219,3
DA:224,0
DA:225,0
DA:228,0
DA:229,0
DA:230,0
DA:233,0
DA:240,8
DA:241,8
DA:242,0
DA:246,8
DA:247,1
DA:248,1
DA:251,0
DA:254,7
DA:255,7
DA:257,4
DA:258,4
DA:262,3
DA:263,3
DA:264,1
DA:268,2
DA:269,2
DA:270,2
DA:271,2
DA:272,2
DA:275,2
DA:276,0
DA:279,2
DA:283,4
DA:284,0
DA:287,4
DA:288,4
DA:289,2
DA:292,2
DA:296,3
DA:297,3
DA:298,3
DA:300,0
DA:304,3
DA:306,3
DA:307,1
DA:310,2
DA:311,1
DA:315,1
DA:316,1
DA:318,1
DA:320,1
DA:321,0
DA:324,1
DA:328,1
LF:151
LH:134
BRDA:33,0,0,22
BRDA:33,0,1,1
BRDA:40,1,0,1
BRDA:40,1,1,22
BRDA:47,2,0,2
BRDA:47,2,1,20
BRDA:47,3,0,22
BRDA:47,3,1,21
BRDA:53,4,0,1
BRDA:53,4,1,19
BRDA:54,5,0,1
BRDA:54,5,1,0
BRDA:63,6,0,1
BRDA:63,6,1,18
BRDA:69,7,0,8
BRDA:69,7,1,10
BRDA:106,8,0,10
BRDA:106,8,1,0
BRDA:107,9,0,10
BRDA:107,9,1,0
BRDA:115,10,0,1
BRDA:115,10,1,3
BRDA:122,11,0,1
BRDA:122,11,1,3
BRDA:128,12,0,1
BRDA:128,12,1,2
BRDA:128,13,0,3
BRDA:128,13,1,1
BRDA:150,14,0,1
BRDA:150,14,1,3
BRDA:156,15,0,1
BRDA:156,15,1,2
BRDA:162,16,0,1
BRDA:162,16,1,1
BRDA:185,17,0,4
BRDA:185,17,1,2
BRDA:190,18,0,0
BRDA:190,18,1,2
BRDA:194,19,0,0
BRDA:194,19,1,2
BRDA:194,20,0,2
BRDA:194,20,1,2
BRDA:207,21,0,1
BRDA:208,22,0,2
BRDA:208,22,1,1
BRDA:224,23,0,0
BRDA:224,23,1,0
BRDA:229,24,0,0
BRDA:229,24,1,0
BRDA:241,25,0,0
BRDA:241,25,1,8
BRDA:246,26,0,1
BRDA:246,26,1,7
BRDA:247,27,0,1
BRDA:247,27,1,0
BRDA:255,28,0,4
BRDA:255,28,1,3
BRDA:263,29,0,1
BRDA:263,29,1,2
BRDA:283,30,0,0
BRDA:283,30,1,4
BRDA:288,31,0,2
BRDA:288,31,1,2
BRDA:297,32,0,3
BRDA:297,32,1,0
BRDA:306,33,0,1
BRDA:306,33,1,2
BRDA:310,34,0,1
BRDA:310,34,1,1
BRF:69
BRH:56
end_of_record
TN:
SF:src/modules/users/user.controller.js
FN:4,(anonymous_0)
FN:17,(anonymous_1)
FN:27,(anonymous_2)
FN:36,(anonymous_3)
FN:48,(anonymous_4)
FN:59,(anonymous_5)
FN:69,(anonymous_6)
FN:81,(anonymous_7)
FN:90,(anonymous_8)
FN:99,(anonymous_9)
FN:109,(anonymous_10)
FNF:11
FNH:6
FNDA:6,(anonymous_0)
FNDA:2,(anonymous_1)
FNDA:3,(anonymous_2)
FNDA:3,(anonymous_3)
FNDA:2,(anonymous_4)
FNDA:5,(anonymous_5)
FNDA:0,(anonymous_6)
FNDA:0,(anonymous_7)
FNDA:0,(anonymous_8)
FNDA:0,(anonymous_9)
FNDA:0,(anonymous_10)
DA:1,1
DA:3,1
DA:5,6
DA:6,6
DA:7,3
DA:12,3
DA:18,2
DA:20,2
DA:21,1
DA:23,1
DA:28,3
DA:29,3
DA:30,3
DA:32,0
DA:37,3
DA:38,3
DA:39,2
DA:44,1
DA:49,2
DA:50,2
DA:51,2
DA:52,2
DA:54,0
DA:60,5
DA:62,5
DA:63,4
DA:65,1
DA:70,0
DA:71,0
DA:72,0
DA:73,0
DA:75,0
DA:82,0
DA:83,0
DA:84,0
DA:86,0
DA:91,0
DA:92,0
DA:93,0
DA:95,0
DA:100,0
DA:101,0
DA:102,0
DA:104,0
DA:110,0
DA:111,0
DA:112,0
DA:114,0
DA:119,1
LF:49
LH:26
BRDA:50,0,0,0
BRDA:50,1,0,2
BRDA:50,2,0,2
BRF:3
BRH:2
end_of_record
TN:
SF:src/modules/users/user.repository.js
FN:6,(anonymous_0)
FN:14,(anonymous_1)
FN:22,(anonymous_2)
FN:31,(anonymous_3)
FN:39,(anonymous_4)
FN:47,(anonymous_5)
FN:63,(anonymous_6)
FN:71,(anonymous_7)
FN:80,(anonymous_8)
FN:89,(anonymous_9)
FN:96,(anonymous_10)
FN:108,(anonymous_11)
FN:116,(anonymous_12)
FN:126,(anonymous_13)
FN:141,(anonymous_14)
FN:150,(anonymous_15)
FN:157,(anonymous_16)
FN:168,(anonymous_17)
FN:179,(anonymous_18)
FN:191,(anonymous_19)
FN:203,(anonymous_20)
FN:215,(anonymous_21)
FN:219,(anonymous_22)
FN:237,(anonymous_23)
FN:241,(anonymous_24)
FN:246,(anonymous_25)
FN:254,(anonymous_26)
FN:304,(anonymous_27)
FN:319,(anonymous_28)
FN:332,(anonymous_29)
FN:340,(anonymous_30)
FN:369,(anonymous_31)
FN:382,(anonymous_32)
FN:390,(anonymous_33)
FN:421,(anonymous_34)
FN:433,(anonymous_35)
FN:442,(anonymous_36)
FN:453,(anonymous_37)
FN:456,(anonymous_38)
FN:473,(anonymous_39)
FNF:40
FNH:28
FNDA:35,(anonymous_0)
FNDA:20,(anonymous_1)
FNDA:10,(anonymous_2)
FNDA:4,(anonymous_3)
FNDA:3,(anonymous_4)
FNDA:3,(anonymous_5)
FNDA:1,(anonymous_6)
FNDA:2,(anonymous_7)
FNDA:2,(anonymous_8)
FNDA:2,(anonymous_9)
FNDA:3,(anonymous_10)
FNDA:3,(anonymous_11)
FNDA:1,(anonymous_12)
FNDA:12,(anonymous_13)
FNDA:12,(anonymous_14)
FNDA:3,(anonymous_15)
FNDA:1,(anonymous_16)
FNDA:1,(anonymous_17)
FNDA:2,(anonymous_18)
FNDA:2,(anonymous_19)
FNDA:10,(anonymous_20)
FNDA:6,(anonymous_21)
FNDA:6,(anonymous_22)
FNDA:2,(anonymous_23)
FNDA:3,(anonymous_24)
FNDA:10,(anonymous_25)
FNDA:0,(anonymous_26)
FNDA:0,(anonymous_27)
FNDA:0,(anonymous_28)
FNDA:0,(anonymous_29)
FNDA:0,(anonymous_30)
FNDA:0,(anonymous_31)
FNDA:0,(anonymous_32)
FNDA:2,(anonymous_33)
FNDA:10,(anonymous_34)
FNDA:0,(anonymous_35)
FNDA:0,(anonymous_36)
FNDA:0,(anonymous_37)
FNDA:0,(anonymous_38)
FNDA:0,(anonymous_39)
DA:1,1
DA:2,1
DA:4,1
DA:7,35
DA:11,35
DA:15,20
DA:19,20
DA:23,10
DA:27,10
DA:32,4
DA:36,4
DA:40,3
DA:44,3
DA:48,3
DA:54,3
DA:56,3
DA:60,3
DA:64,1
DA:72,2
DA:81,2
DA:90,2
DA:97,3
DA:105,3
DA:109,3
DA:113,3
DA:117,1
DA:127,12
DA:142,12
DA:151,3
DA:155,3
DA:158,1
DA:165,1
DA:169,1
DA:176,1
DA:180,2
DA:186,2
DA:192,2
DA:200,2
DA:204,10
DA:216,6
DA:217,6
DA:219,6
DA:220,6
DA:225,6
DA:227,2
DA:228,2
DA:233,2
DA:238,2
DA:242,3
DA:247,10
DA:255,0
DA:256,0
DA:258,0
DA:259,0
DA:261,0
DA:262,0
DA:263,0
DA:266,0
DA:267,0
DA:270,0
DA:281,0
DA:282,0
DA:283,0
DA:284,0
DA:285,0
DA:287,0
DA:288,0
DA:291,0
DA:295,0
DA:305,0
DA:315,0
DA:320,0
DA:329,0
DA:333,0
DA:341,0
DA:362,0
DA:370,0
DA:371,0
DA:378,0
DA:383,0
DA:391,2
DA:392,2
DA:393,2
DA:403,2
DA:412,2
DA:422,10
DA:429,10
DA:434,0
DA:443,0
DA:444,0
DA:453,0
DA:457,0
DA:468,0
DA:474,0
DA:481,1
LF:95
LH:58
BRDA:11,0,0,35
BRDA:11,0,1,8
BRDA:19,1,0,20
BRDA:19,1,1,0
BRDA:27,2,0,10
BRDA:27,2,1,6
BRDA:36,3,0,4
BRDA:36,3,1,2
BRDA:44,4,0,3
BRDA:44,4,1,1
BRDA:126,5,0,0
BRDA:155,6,0,3
BRDA:155,6,1,0
BRDA:186,7,0,2
BRDA:186,7,1,0
BRDA:200,8,0,2
BRDA:200,8,1,0
BRDA:225,9,0,4
BRDA:225,9,1,2
BRDA:254,10,0,0
BRDA:254,11,0,0
BRDA:254,12,0,0
BRDA:254,13,0,0
BRDA:254,14,0,0
BRDA:261,15,0,0
BRDA:261,15,1,0
BRDA:266,16,0,0
BRDA:266,16,1,0
BRDA:283,17,0,0
BRDA:283,17,1,0
BRDA:287,18,0,0
BRDA:287,18,1,0
BRDA:315,19,0,0
BRDA:315,19,1,0
BRDA:329,20,0,0
BRDA:329,20,1,0
BRDA:370,21,0,0
BRDA:370,21,1,0
BRDA:390,22,0,0
BRDA:390,23,0,0
BRDA:390,24,0,0
BRDA:429,25,0,10
BRDA:429,25,1,0
BRDA:443,26,0,0
BRDA:443,26,1,0
BRDA:443,27,0,0
BRDA:443,27,1,0
BRF:47
BRH:15
end_of_record
TN:
SF:src/modules/users/user.routes.js
FNF:0
FNH:0
DA:1,1
DA:2,1
DA:3,1
DA:4,1
DA:5,1
DA:7,1
DA:10,1
DA:13,1
DA:16,1
DA:17,1
DA:24,1
DA:27,1
DA:29,1
DA:33,1
DA:36,1
DA:37,1
DA:39,1
DA:41,1
LF:18
LH:18
BRF:0
BRH:0
end_of_record
TN:
SF:src/modules/users/user.service.js
FN:14,tokenExpiresAt
FN:20,isValidMagicNumber
FN:37,(anonymous_2)
FN:78,(anonymous_3)
FN:89,(anonymous_4)
FN:115,(anonymous_5)
FN:123,(anonymous_6)
FN:148,(anonymous_7)
FN:156,(anonymous_8)
FN:167,(anonymous_9)
FN:174,(anonymous_10)
FN:207,(anonymous_11)
FN:216,(anonymous_12)
FN:225,(anonymous_13)
FN:234,(anonymous_14)
FN:241,(anonymous_15)
FN:251,(anonymous_16)
FN:252,(anonymous_17)
FN:265,(anonymous_18)
FN:282,(anonymous_19)
FN:307,(anonymous_20)
FN:315,(anonymous_21)
FN:348,(anonymous_22)
FN:358,(anonymous_23)
FN:371,(anonymous_24)
FNF:25
FNH:7
FNDA:3,tokenExpiresAt
FNDA:0,isValidMagicNumber
FNDA:6,(anonymous_2)
FNDA:0,(anonymous_3)
FNDA:2,(anonymous_4)
FNDA:3,(anonymous_5)
FNDA:3,(anonymous_6)
FNDA:0,(anonymous_7)
FNDA:0,(anonymous_8)
FNDA:0,(anonymous_9)
FNDA:5,(anonymous_10)
FNDA:0,(anonymous_11)
FNDA:2,(anonymous_12)
FNDA:0,(anonymous_13)
FNDA:0,(anonymous_14)
FNDA:0,(anonymous_15)
FNDA:0,(anonymous_16)
FNDA:0,(anonymous_17)
FNDA:0,(anonymous_18)
FNDA:0,(anonymous_19)
FNDA:0,(anonymous_20)
FNDA:0,(anonymous_21)
FNDA:0,(anonymous_22)
FNDA:0,(anonymous_23)
FNDA:0,(anonymous_24)
DA:1,1
DA:2,1
DA:3,1
DA:4,1
DA:5,1
DA:6,1
DA:7,1
DA:8,1
DA:10,1
DA:12,1
DA:15,3
DA:16,3
DA:17,3
DA:21,0
DA:22,0
DA:23,0
DA:25,0
DA:26,0
DA:28,0
DA:31,1
DA:32,1
DA:33,1
DA:34,1
DA:36,1
DA:39,6
DA:40,6
DA:43,6
DA:44,6
DA:45,1
DA:49,5
DA:50,5
DA:51,1
DA:54,4
DA:55,1
DA:59,3
DA:62,3
DA:63,3
DA:65,3
DA:67,3
DA:78,3
DA:79,0
DA:82,3
DA:84,3
DA:90,2
DA:91,2
DA:92,0
DA:96,2
DA:97,2
DA:98,1
DA:102,1
DA:105,1
DA:106,0
DA:110,1
DA:111,1
DA:116,3
DA:117,3
DA:118,0
DA:120,3
DA:124,3
DA:125,3
DA:126,0
DA:129,3
DA:131,3
DA:132,1
DA:133,1
DA:136,3
DA:137,1
DA:138,1
DA:141,3
DA:142,1
DA:145,2
DA:149,0
DA:150,0
DA:151,0
DA:153,0
DA:157,0
DA:158,0
DA:159,0
DA:161,0
DA:162,0
DA:164,0
DA:165,0
DA:166,0
DA:167,0
DA:168,0
DA:171,0
DA:175,5
DA:176,5
DA:177,0
DA:180,5
DA:182,5
DA:184,3
DA:185,3
DA:186,0
DA:190,3
DA:191,3
DA:192,1
DA:195,2
DA:196,2
DA:199,4
DA:201,2
DA:203,2
DA:204,2
DA:207,2
DA:208,0
DA:212,4
DA:217,2
DA:226,0
DA:227,0
DA:234,0
DA:242,0
DA:243,0
DA:244,0
DA:252,0
DA:254,0
DA:255,0
DA:260,0
DA:263,0
DA:265,0
DA:266,0
DA:269,0
DA:270,0
DA:271,0
DA:272,0
DA:275,0
DA:276,0
DA:277,0
DA:278,0
DA:279,0
DA:280,0
DA:282,0
DA:283,0
DA:285,0
DA:288,0
DA:289,0
DA:290,0
DA:291,0
DA:295,0
DA:296,0
DA:297,0
DA:298,0
DA:299,0
DA:300,0
DA:304,0
DA:307,0
DA:308,0
DA:309,0
DA:315,0
DA:316,0
DA:318,0
DA:319,0
DA:322,0
DA:323,0
DA:324,0
DA:325,0
DA:329,0
DA:333,0
DA:335,0
DA:339,0
DA:340,0
DA:342,0
DA:348,0
DA:349,0
DA:352,0
DA:353,0
DA:359,0
DA:360,0
DA:361,0
DA:364,0
DA:365,0
DA:366,0
DA:369,0
DA:372,0
DA:373,0
DA:374,0
DA:376,0
DA:377,0
DA:380,0
DA:390,1
LF:179
LH:79
BRDA:21,0,0,0
BRDA:21,0,1,0
BRDA:21,1,0,0
BRDA:21,1,1,0
BRDA:22,2,0,0
BRDA:22,2,1,0
BRDA:22,3,0,0
BRDA:22,3,1,0
BRDA:22,3,2,0
BRDA:22,3,3,0
BRDA:25,4,0,0
BRDA:25,4,1,0
BRDA:25,5,0,0
BRDA:25,5,1,0
BRDA:25,5,2,0
BRDA:44,6,0,1
BRDA:44,6,1,5
BRDA:50,7,0,1
BRDA:50,7,1,4
BRDA:54,8,0,1
BRDA:54,8,1,3
BRDA:91,9,0,0
BRDA:91,9,1,2
BRDA:97,10,0,1
BRDA:97,10,1,1
BRDA:105,11,0,0
BRDA:105,11,1,1
BRDA:117,12,0,0
BRDA:117,12,1,3
BRDA:125,13,0,0
BRDA:125,13,1,3
BRDA:131,14,0,1
BRDA:131,14,1,2
BRDA:136,15,0,1
BRDA:136,15,1,2
BRDA:141,16,0,1
BRDA:141,16,1,2
BRDA:150,17,0,0
BRDA:150,17,1,0
BRDA:161,18,0,0
BRDA:161,18,1,0
BRDA:161,19,0,0
BRDA:161,19,1,0
BRDA:176,20,0,0
BRDA:176,20,1,5
BRDA:182,21,0,3
BRDA:182,21,1,2
BRDA:185,22,0,0
BRDA:185,22,1,3
BRDA:191,23,0,1
BRDA:191,23,1,2
BRDA:191,24,0,3
BRDA:191,24,1,2
BRDA:199,25,0,2
BRDA:199,25,1,2
BRDA:216,26,0,0
BRDA:216,27,0,0
BRDA:216,28,0,0
BRDA:226,29,0,0
BRDA:226,29,1,0
BRDA:243,30,0,0
BRDA:243,30,1,0
BRDA:243,31,0,0
BRDA:243,31,1,0
BRDA:270,32,0,0
BRDA:270,32,1,0
BRDA:276,33,0,0
BRDA:276,33,1,0
BRDA:283,34,0,0
BRDA:283,34,1,0
BRDA:288,35,0,0
BRDA:288,35,1,0
BRDA:295,36,0,0
BRDA:295,36,1,0
BRDA:297,37,0,0
BRDA:297,37,1,0
BRDA:308,38,0,0
BRDA:308,38,1,0
BRDA:316,39,0,0
BRDA:316,39,1,0
BRDA:323,40,0,0
BRDA:323,40,1,0
BRDA:333,41,0,0
BRDA:333,41,1,0
BRDA:349,42,0,0
BRDA:349,42,1,0
BRDA:360,43,0,0
BRDA:360,43,1,0
BRDA:364,44,0,0
BRDA:364,44,1,0
BRDA:373,45,0,0
BRDA:373,45,1,0
BRDA:373,46,0,0
BRDA:373,46,1,0
BRDA:373,46,2,0
BRDA:377,47,0,0
BRDA:377,47,1,0
BRDA:377,48,0,0
BRDA:377,48,1,0
BRDA:383,49,0,0
BRDA:383,49,1,0
BRF:101
BRH:28
end_of_record
