{"C:\\Users\\delfi\\OneDrive\\Documents\\taller-software\\users\\src\\modules\\admin-auth\\admin-auth.service.js": {"path":"C:\\Users\\delfi\\OneDrive\\Documents\\taller-software\\users\\src\\modules\\admin-auth\\admin-auth.service.js","statementMap":{"0":{"start":{"line":1,"column":15},"end":{"line":1,"column":34}},"1":{"start":{"line":2,"column":12},"end":{"line":2,"column":35}},"2":{"start":{"line":3,"column":28},"end":{"line":3,"column":65}},"3":{"start":{"line":4,"column":37},"end":{"line":4,"column":67}},"4":{"start":{"line":5,"column":21},"end":{"line":5,"column":62}},"5":{"start":{"line":6,"column":16},"end":{"line":6,"column":43}},"6":{"start":{"line":9,"column":27},"end":{"line":9,"column":28}},"7":{"start":{"line":11,"column":25},"end":{"line":96,"column":1}},"8":{"start":{"line":14,"column":18},"end":{"line":14,"column":72}},"9":{"start":{"line":16,"column":4},"end":{"line":18,"column":5}},"10":{"start":{"line":17,"column":6},"end":{"line":17,"column":56}},"11":{"start":{"line":21,"column":4},"end":{"line":24,"column":5}},"12":{"start":{"line":22,"column":19},"end":{"line":22,"column":81}},"13":{"start":{"line":23,"column":6},"end":{"line":23,"column":102}},"14":{"start":{"line":26,"column":26},"end":{"line":26,"column":77}},"15":{"start":{"line":27,"column":4},"end":{"line":30,"column":5}},"16":{"start":{"line":28,"column":6},"end":{"line":28,"column":82}},"17":{"start":{"line":29,"column":6},"end":{"line":29,"column":56}},"18":{"start":{"line":33,"column":4},"end":{"line":37,"column":5}},"19":{"start":{"line":34,"column":6},"end":{"line":36,"column":7}},"20":{"start":{"line":35,"column":8},"end":{"line":35,"column":113}},"21":{"start":{"line":39,"column":4},"end":{"line":39,"column":56}},"22":{"start":{"line":42,"column":18},"end":{"line":52,"column":5}},"23":{"start":{"line":54,"column":4},"end":{"line":62,"column":6}},"24":{"start":{"line":66,"column":4},"end":{"line":66,"column":57}},"25":{"start":{"line":67,"column":4},"end":{"line":67,"column":55}},"26":{"start":{"line":72,"column":18},"end":{"line":72,"column":57}},"27":{"start":{"line":73,"column":4},"end":{"line":75,"column":5}},"28":{"start":{"line":74,"column":6},"end":{"line":74,"column":61}},"29":{"start":{"line":77,"column":26},"end":{"line":77,"column":84}},"30":{"start":{"line":78,"column":4},"end":{"line":80,"column":5}},"31":{"start":{"line":79,"column":6},"end":{"line":79,"column":68}},"32":{"start":{"line":82,"column":27},"end":{"line":82,"column":81}},"33":{"start":{"line":83,"column":4},"end":{"line":85,"column":5}},"34":{"start":{"line":84,"column":6},"end":{"line":84,"column":86}},"35":{"start":{"line":87,"column":28},"end":{"line":87,"column":62}},"36":{"start":{"line":88,"column":4},"end":{"line":88,"column":67}},"37":{"start":{"line":90,"column":4},"end":{"line":92,"column":6}},"38":{"start":{"line":91,"column":6},"end":{"line":91,"column":66}},"39":{"start":{"line":94,"column":4},"end":{"line":94,"column":98}},"40":{"start":{"line":98,"column":0},"end":{"line":98,"column":38}}},"fnMap":{"0":{"name":"(anonymous_0)","decl":{"start":{"line":13,"column":2},"end":{"line":13,"column":3}},"loc":{"start":{"line":13,"column":35},"end":{"line":63,"column":3}},"line":13},"1":{"name":"(anonymous_1)","decl":{"start":{"line":65,"column":2},"end":{"line":65,"column":3}},"loc":{"start":{"line":65,"column":24},"end":{"line":68,"column":3}},"line":65},"2":{"name":"(anonymous_2)","decl":{"start":{"line":71,"column":2},"end":{"line":71,"column":3}},"loc":{"start":{"line":71,"column":66},"end":{"line":95,"column":3}},"line":71},"3":{"name":"(anonymous_3)","decl":{"start":{"line":90,"column":48},"end":{"line":90,"column":49}},"loc":{"start":{"line":91,"column":6},"end":{"line":91,"column":66}},"line":91}},"branchMap":{"0":{"loc":{"start":{"line":16,"column":4},"end":{"line":18,"column":5}},"type":"if","locations":[{"start":{"line":16,"column":4},"end":{"line":18,"column":5}},{"start":{},"end":{}}],"line":16},"1":{"loc":{"start":{"line":21,"column":4},"end":{"line":24,"column":5}},"type":"if","locations":[{"start":{"line":21,"column":4},"end":{"line":24,"column":5}},{"start":{},"end":{}}],"line":21},"2":{"loc":{"start":{"line":21,"column":8},"end":{"line":21,"column":71}},"type":"binary-expr","locations":[{"start":{"line":21,"column":8},"end":{"line":21,"column":26}},{"start":{"line":21,"column":30},"end":{"line":21,"column":71}}],"line":21},"3":{"loc":{"start":{"line":27,"column":4},"end":{"line":30,"column":5}},"type":"if","locations":[{"start":{"line":27,"column":4},"end":{"line":30,"column":5}},{"start":{},"end":{}}],"line":27},"4":{"loc":{"start":{"line":33,"column":4},"end":{"line":37,"column":5}},"type":"if","locations":[{"start":{"line":33,"column":4},"end":{"line":37,"column":5}},{"start":{},"end":{}}],"line":33},"5":{"loc":{"start":{"line":33,"column":8},"end":{"line":33,"column":68}},"type":"binary-expr","locations":[{"start":{"line":33,"column":8},"end":{"line":33,"column":34}},{"start":{"line":33,"column":38},"end":{"line":33,"column":68}}],"line":33},"6":{"loc":{"start":{"line":34,"column":6},"end":{"line":36,"column":7}},"type":"if","locations":[{"start":{"line":34,"column":6},"end":{"line":36,"column":7}},{"start":{},"end":{}}],"line":34},"7":{"loc":{"start":{"line":73,"column":4},"end":{"line":75,"column":5}},"type":"if","locations":[{"start":{"line":73,"column":4},"end":{"line":75,"column":5}},{"start":{},"end":{}}],"line":73},"8":{"loc":{"start":{"line":78,"column":4},"end":{"line":80,"column":5}},"type":"if","locations":[{"start":{"line":78,"column":4},"end":{"line":80,"column":5}},{"start":{},"end":{}}],"line":78},"9":{"loc":{"start":{"line":83,"column":4},"end":{"line":85,"column":5}},"type":"if","locations":[{"start":{"line":83,"column":4},"end":{"line":85,"column":5}},{"start":{},"end":{}}],"line":83}},"s":{"0":1,"1":1,"2":1,"3":1,"4":1,"5":1,"6":1,"7":1,"8":10,"9":10,"10":1,"11":9,"12":1,"13":1,"14":8,"15":8,"16":2,"17":2,"18":6,"19":2,"20":1,"21":5,"22":5,"23":5,"24":2,"25":2,"26":7,"27":7,"28":1,"29":6,"30":6,"31":1,"32":5,"33":5,"34":1,"35":4,"36":4,"37":4,"38":1,"39":4,"40":1},"f":{"0":10,"1":2,"2":7,"3":1},"b":{"0":[1,9],"1":[1,8],"2":[9,1],"3":[2,6],"4":[2,4],"5":[6,2],"6":[1,1],"7":[1,6],"8":[1,5],"9":[1,4]},"_coverageSchema":"1a1c01bbd47fc00a2c39e90264f33305004495a9","hash":"480c38df33782e98ba85f98b5c1bb2d2e9af9686"}
,"C:\\Users\\delfi\\OneDrive\\Documents\\taller-software\\users\\src\\modules\\admins\\admin.service.js": {"path":"C:\\Users\\delfi\\OneDrive\\Documents\\taller-software\\users\\src\\modules\\admins\\admin.service.js","statementMap":{"0":{"start":{"line":1,"column":15},"end":{"line":1,"column":34}},"1":{"start":{"line":2,"column":23},"end":{"line":2,"column":38}},"2":{"start":{"line":3,"column":28},"end":{"line":3,"column":57}},"3":{"start":{"line":4,"column":34},"end":{"line":4,"column":64}},"4":{"start":{"line":5,"column":21},"end":{"line":5,"column":62}},"5":{"start":{"line":6,"column":16},"end":{"line":6,"column":43}},"6":{"start":{"line":8,"column":35},"end":{"line":8,"column":37}},"7":{"start":{"line":11,"column":15},"end":{"line":11,"column":25}},"8":{"start":{"line":12,"column":2},"end":{"line":12,"column":62}},"9":{"start":{"line":13,"column":2},"end":{"line":13,"column":14}},"10":{"start":{"line":17,"column":2},"end":{"line":17,"column":49}},"11":{"start":{"line":20,"column":21},"end":{"line":86,"column":1}},"12":{"start":{"line":24,"column":4},"end":{"line":28,"column":5}},"13":{"start":{"line":25,"column":6},"end":{"line":27,"column":7}},"14":{"start":{"line":26,"column":8},"end":{"line":26,"column":100}},"15":{"start":{"line":30,"column":21},"end":{"line":30,"column":61}},"16":{"start":{"line":31,"column":4},"end":{"line":33,"column":5}},"17":{"start":{"line":32,"column":6},"end":{"line":32,"column":74}},"18":{"start":{"line":36,"column":25},"end":{"line":36,"column":47}},"19":{"start":{"line":37,"column":25},"end":{"line":37,"column":60}},"20":{"start":{"line":38,"column":22},"end":{"line":38,"column":45}},"21":{"start":{"line":40,"column":18},"end":{"line":46,"column":6}},"22":{"start":{"line":48,"column":4},"end":{"line":50,"column":6}},"23":{"start":{"line":49,"column":6},"end":{"line":49,"column":63}},"24":{"start":{"line":52,"column":4},"end":{"line":56,"column":6}},"25":{"start":{"line":61,"column":18},"end":{"line":61,"column":63}},"26":{"start":{"line":62,"column":4},"end":{"line":64,"column":5}},"27":{"start":{"line":63,"column":6},"end":{"line":63,"column":61}},"28":{"start":{"line":66,"column":4},"end":{"line":68,"column":5}},"29":{"start":{"line":67,"column":6},"end":{"line":67,"column":95}},"30":{"start":{"line":70,"column":25},"end":{"line":70,"column":47}},"31":{"start":{"line":71,"column":25},"end":{"line":71,"column":60}},"32":{"start":{"line":72,"column":22},"end":{"line":72,"column":45}},"33":{"start":{"line":74,"column":4},"end":{"line":74,"column":85}},"34":{"start":{"line":76,"column":4},"end":{"line":78,"column":6}},"35":{"start":{"line":77,"column":6},"end":{"line":77,"column":63}},"36":{"start":{"line":80,"column":4},"end":{"line":84,"column":6}},"37":{"start":{"line":88,"column":0},"end":{"line":88,"column":34}}},"fnMap":{"0":{"name":"tempPasswordExpiresAt","decl":{"start":{"line":10,"column":9},"end":{"line":10,"column":30}},"loc":{"start":{"line":10,"column":33},"end":{"line":14,"column":1}},"line":10},"1":{"name":"generateTempPassword","decl":{"start":{"line":16,"column":9},"end":{"line":16,"column":29}},"loc":{"start":{"line":16,"column":32},"end":{"line":18,"column":1}},"line":16},"2":{"name":"(anonymous_2)","decl":{"start":{"line":22,"column":2},"end":{"line":22,"column":3}},"loc":{"start":{"line":22,"column":50},"end":{"line":57,"column":3}},"line":22},"3":{"name":"(anonymous_3)","decl":{"start":{"line":48,"column":53},"end":{"line":48,"column":54}},"loc":{"start":{"line":49,"column":6},"end":{"line":49,"column":63}},"line":49},"4":{"name":"(anonymous_4)","decl":{"start":{"line":60,"column":2},"end":{"line":60,"column":3}},"loc":{"start":{"line":60,"column":61},"end":{"line":85,"column":3}},"line":60},"5":{"name":"(anonymous_5)","decl":{"start":{"line":76,"column":59},"end":{"line":76,"column":60}},"loc":{"start":{"line":77,"column":6},"end":{"line":77,"column":63}},"line":77}},"branchMap":{"0":{"loc":{"start":{"line":24,"column":4},"end":{"line":28,"column":5}},"type":"if","locations":[{"start":{"line":24,"column":4},"end":{"line":28,"column":5}},{"start":{},"end":{}}],"line":24},"1":{"loc":{"start":{"line":25,"column":6},"end":{"line":27,"column":7}},"type":"if","locations":[{"start":{"line":25,"column":6},"end":{"line":27,"column":7}},{"start":{},"end":{}}],"line":25},"2":{"loc":{"start":{"line":31,"column":4},"end":{"line":33,"column":5}},"type":"if","locations":[{"start":{"line":31,"column":4},"end":{"line":33,"column":5}},{"start":{},"end":{}}],"line":31},"3":{"loc":{"start":{"line":62,"column":4},"end":{"line":64,"column":5}},"type":"if","locations":[{"start":{"line":62,"column":4},"end":{"line":64,"column":5}},{"start":{},"end":{}}],"line":62},"4":{"loc":{"start":{"line":66,"column":4},"end":{"line":68,"column":5}},"type":"if","locations":[{"start":{"line":66,"column":4},"end":{"line":68,"column":5}},{"start":{},"end":{}}],"line":66}},"s":{"0":1,"1":1,"2":1,"3":1,"4":1,"5":1,"6":1,"7":8,"8":8,"9":8,"10":8,"11":1,"12":7,"13":2,"14":1,"15":6,"16":6,"17":1,"18":5,"19":5,"20":5,"21":5,"22":5,"23":1,"24":5,"25":5,"26":5,"27":1,"28":4,"29":1,"30":3,"31":3,"32":3,"33":3,"34":3,"35":1,"36":3,"37":1},"f":{"0":8,"1":8,"2":7,"3":1,"4":5,"5":1},"b":{"0":[2,5],"1":[1,1],"2":[1,5],"3":[1,4],"4":[1,3]},"_coverageSchema":"1a1c01bbd47fc00a2c39e90264f33305004495a9","hash":"6ff12da33a1a39e7f2c0fdc24d07df7e1321a017"}
,"C:\\Users\\delfi\\OneDrive\\Documents\\taller-software\\users\\src\\modules\\auth\\auth.service.js": {"path":"C:\\Users\\delfi\\OneDrive\\Documents\\taller-software\\users\\src\\modules\\auth\\auth.service.js","statementMap":{"0":{"start":{"line":1,"column":23},"end":{"line":1,"column":38}},"1":{"start":{"line":2,"column":15},"end":{"line":2,"column":34}},"2":{"start":{"line":3,"column":12},"end":{"line":3,"column":35}},"3":{"start":{"line":4,"column":27},"end":{"line":4,"column":62}},"4":{"start":{"line":5,"column":61},"end":{"line":5,"column":91}},"5":{"start":{"line":6,"column":21},"end":{"line":6,"column":62}},"6":{"start":{"line":7,"column":16},"end":{"line":7,"column":43}},"7":{"start":{"line":9,"column":20},"end":{"line":192,"column":1}},"8":{"start":{"line":12,"column":15},"end":{"line":12,"column":19}},"9":{"start":{"line":13,"column":4},"end":{"line":17,"column":5}},"10":{"start":{"line":14,"column":6},"end":{"line":14,"column":72}},"11":{"start":{"line":16,"column":6},"end":{"line":16,"column":75}},"12":{"start":{"line":20,"column":4},"end":{"line":22,"column":5}},"13":{"start":{"line":21,"column":6},"end":{"line":21,"column":56}},"14":{"start":{"line":25,"column":4},"end":{"line":27,"column":5}},"15":{"start":{"line":26,"column":6},"end":{"line":26,"column":51}},"16":{"start":{"line":30,"column":4},"end":{"line":33,"column":5}},"17":{"start":{"line":32,"column":6},"end":{"line":32,"column":149}},"18":{"start":{"line":36,"column":4},"end":{"line":38,"column":5}},"19":{"start":{"line":37,"column":6},"end":{"line":37,"column":112}},"20":{"start":{"line":40,"column":26},"end":{"line":40,"column":76}},"21":{"start":{"line":41,"column":4},"end":{"line":45,"column":5}},"22":{"start":{"line":43,"column":6},"end":{"line":43,"column":63}},"23":{"start":{"line":44,"column":6},"end":{"line":44,"column":56}},"24":{"start":{"line":48,"column":4},"end":{"line":48,"column":54}},"25":{"start":{"line":51,"column":18},"end":{"line":55,"column":5}},"26":{"start":{"line":57,"column":4},"end":{"line":66,"column":6}},"27":{"start":{"line":71,"column":15},"end":{"line":71,"column":73}},"28":{"start":{"line":72,"column":4},"end":{"line":74,"column":5}},"29":{"start":{"line":73,"column":6},"end":{"line":73,"column":75}},"30":{"start":{"line":77,"column":27},"end":{"line":77,"column":118}},"31":{"start":{"line":79,"column":4},"end":{"line":81,"column":5}},"32":{"start":{"line":80,"column":6},"end":{"line":80,"column":41}},"33":{"start":{"line":84,"column":29},"end":{"line":84,"column":30}},"34":{"start":{"line":85,"column":4},"end":{"line":89,"column":5}},"35":{"start":{"line":88,"column":6},"end":{"line":88,"column":41}},"36":{"start":{"line":92,"column":18},"end":{"line":92,"column":26}},"37":{"start":{"line":93,"column":22},"end":{"line":93,"column":32}},"38":{"start":{"line":94,"column":4},"end":{"line":94,"column":54}},"39":{"start":{"line":96,"column":4},"end":{"line":96,"column":77}},"40":{"start":{"line":97,"column":4},"end":{"line":97,"column":57}},"41":{"start":{"line":99,"column":4},"end":{"line":101,"column":6}},"42":{"start":{"line":100,"column":6},"end":{"line":100,"column":64}},"43":{"start":{"line":103,"column":4},"end":{"line":103,"column":39}},"44":{"start":{"line":108,"column":4},"end":{"line":110,"column":5}},"45":{"start":{"line":109,"column":6},"end":{"line":109,"column":62}},"46":{"start":{"line":113,"column":17},"end":{"line":113,"column":69}},"47":{"start":{"line":114,"column":4},"end":{"line":116,"column":5}},"48":{"start":{"line":115,"column":6},"end":{"line":115,"column":100}},"49":{"start":{"line":119,"column":27},"end":{"line":119,"column":77}},"50":{"start":{"line":120,"column":4},"end":{"line":122,"column":5}},"51":{"start":{"line":121,"column":6},"end":{"line":121,"column":86}},"52":{"start":{"line":128,"column":28},"end":{"line":128,"column":59}},"53":{"start":{"line":129,"column":4},"end":{"line":129,"column":89}},"54":{"start":{"line":131,"column":4},"end":{"line":131,"column":106}},"55":{"start":{"line":135,"column":4},"end":{"line":135,"column":55}},"56":{"start":{"line":136,"column":4},"end":{"line":136,"column":55}},"57":{"start":{"line":140,"column":4},"end":{"line":142,"column":5}},"58":{"start":{"line":141,"column":6},"end":{"line":141,"column":49}},"59":{"start":{"line":144,"column":17},"end":{"line":144,"column":69}},"60":{"start":{"line":145,"column":4},"end":{"line":147,"column":5}},"61":{"start":{"line":146,"column":6},"end":{"line":146,"column":100}},"62":{"start":{"line":149,"column":4},"end":{"line":152,"column":6}},"63":{"start":{"line":156,"column":17},"end":{"line":156,"column":54}},"64":{"start":{"line":157,"column":4},"end":{"line":159,"column":5}},"65":{"start":{"line":158,"column":6},"end":{"line":158,"column":55}},"66":{"start":{"line":162,"column":4},"end":{"line":164,"column":5}},"67":{"start":{"line":163,"column":6},"end":{"line":163,"column":149}},"68":{"start":{"line":166,"column":26},"end":{"line":166,"column":83}},"69":{"start":{"line":167,"column":4},"end":{"line":171,"column":5}},"70":{"start":{"line":169,"column":6},"end":{"line":169,"column":63}},"71":{"start":{"line":170,"column":6},"end":{"line":170,"column":68}},"72":{"start":{"line":174,"column":27},"end":{"line":174,"column":80}},"73":{"start":{"line":175,"column":4},"end":{"line":177,"column":5}},"74":{"start":{"line":176,"column":6},"end":{"line":176,"column":86}},"75":{"start":{"line":180,"column":28},"end":{"line":180,"column":62}},"76":{"start":{"line":182,"column":4},"end":{"line":182,"column":89}},"77":{"start":{"line":183,"column":4},"end":{"line":183,"column":54}},"78":{"start":{"line":186,"column":4},"end":{"line":188,"column":6}},"79":{"start":{"line":187,"column":6},"end":{"line":187,"column":66}},"80":{"start":{"line":190,"column":4},"end":{"line":190,"column":126}},"81":{"start":{"line":194,"column":0},"end":{"line":194,"column":33}}},"fnMap":{"0":{"name":"(anonymous_0)","decl":{"start":{"line":10,"column":2},"end":{"line":10,"column":3}},"loc":{"start":{"line":10,"column":40},"end":{"line":67,"column":3}},"line":10},"1":{"name":"(anonymous_1)","decl":{"start":{"line":69,"column":2},"end":{"line":69,"column":3}},"loc":{"start":{"line":69,"column":41},"end":{"line":104,"column":3}},"line":69},"2":{"name":"(anonymous_2)","decl":{"start":{"line":99,"column":52},"end":{"line":99,"column":53}},"loc":{"start":{"line":100,"column":6},"end":{"line":100,"column":64}},"line":100},"3":{"name":"(anonymous_3)","decl":{"start":{"line":106,"column":2},"end":{"line":106,"column":3}},"loc":{"start":{"line":106,"column":60},"end":{"line":132,"column":3}},"line":106},"4":{"name":"(anonymous_4)","decl":{"start":{"line":134,"column":2},"end":{"line":134,"column":3}},"loc":{"start":{"line":134,"column":23},"end":{"line":137,"column":3}},"line":134},"5":{"name":"(anonymous_5)","decl":{"start":{"line":139,"column":2},"end":{"line":139,"column":3}},"loc":{"start":{"line":139,"column":32},"end":{"line":153,"column":3}},"line":139},"6":{"name":"(anonymous_6)","decl":{"start":{"line":155,"column":2},"end":{"line":155,"column":3}},"loc":{"start":{"line":155,"column":65},"end":{"line":191,"column":3}},"line":155},"7":{"name":"(anonymous_7)","decl":{"start":{"line":186,"column":47},"end":{"line":186,"column":48}},"loc":{"start":{"line":187,"column":6},"end":{"line":187,"column":66}},"line":187}},"branchMap":{"0":{"loc":{"start":{"line":13,"column":4},"end":{"line":17,"column":5}},"type":"if","locations":[{"start":{"line":13,"column":4},"end":{"line":17,"column":5}},{"start":{"line":15,"column":11},"end":{"line":17,"column":5}}],"line":13},"1":{"loc":{"start":{"line":20,"column":4},"end":{"line":22,"column":5}},"type":"if","locations":[{"start":{"line":20,"column":4},"end":{"line":22,"column":5}},{"start":{},"end":{}}],"line":20},"2":{"loc":{"start":{"line":25,"column":4},"end":{"line":27,"column":5}},"type":"if","locations":[{"start":{"line":25,"column":4},"end":{"line":27,"column":5}},{"start":{},"end":{}}],"line":25},"3":{"loc":{"start":{"line":25,"column":8},"end":{"line":25,"column":44}},"type":"binary-expr","locations":[{"start":{"line":25,"column":8},"end":{"line":25,"column":23}},{"start":{"line":25,"column":27},"end":{"line":25,"column":44}}],"line":25},"4":{"loc":{"start":{"line":30,"column":4},"end":{"line":33,"column":5}},"type":"if","locations":[{"start":{"line":30,"column":4},"end":{"line":33,"column":5}},{"start":{},"end":{}}],"line":30},"5":{"loc":{"start":{"line":30,"column":8},"end":{"line":30,"column":69}},"type":"binary-expr","locations":[{"start":{"line":30,"column":8},"end":{"line":30,"column":25}},{"start":{"line":30,"column":29},"end":{"line":30,"column":69}}],"line":30},"6":{"loc":{"start":{"line":36,"column":4},"end":{"line":38,"column":5}},"type":"if","locations":[{"start":{"line":36,"column":4},"end":{"line":38,"column":5}},{"start":{},"end":{}}],"line":36},"7":{"loc":{"start":{"line":41,"column":4},"end":{"line":45,"column":5}},"type":"if","locations":[{"start":{"line":41,"column":4},"end":{"line":45,"column":5}},{"start":{},"end":{}}],"line":41},"8":{"loc":{"start":{"line":72,"column":4},"end":{"line":74,"column":5}},"type":"if","locations":[{"start":{"line":72,"column":4},"end":{"line":74,"column":5}},{"start":{},"end":{}}],"line":72},"9":{"loc":{"start":{"line":79,"column":4},"end":{"line":81,"column":5}},"type":"if","locations":[{"start":{"line":79,"column":4},"end":{"line":81,"column":5}},{"start":{},"end":{}}],"line":79},"10":{"loc":{"start":{"line":85,"column":4},"end":{"line":89,"column":5}},"type":"if","locations":[{"start":{"line":85,"column":4},"end":{"line":89,"column":5}},{"start":{},"end":{}}],"line":85},"11":{"loc":{"start":{"line":85,"column":8},"end":{"line":86,"column":88}},"type":"binary-expr","locations":[{"start":{"line":85,"column":8},"end":{"line":85,"column":34}},{"start":{"line":86,"column":8},"end":{"line":86,"column":88}}],"line":85},"12":{"loc":{"start":{"line":108,"column":4},"end":{"line":110,"column":5}},"type":"if","locations":[{"start":{"line":108,"column":4},"end":{"line":110,"column":5}},{"start":{},"end":{}}],"line":108},"13":{"loc":{"start":{"line":114,"column":4},"end":{"line":116,"column":5}},"type":"if","locations":[{"start":{"line":114,"column":4},"end":{"line":116,"column":5}},{"start":{},"end":{}}],"line":114},"14":{"loc":{"start":{"line":120,"column":4},"end":{"line":122,"column":5}},"type":"if","locations":[{"start":{"line":120,"column":4},"end":{"line":122,"column":5}},{"start":{},"end":{}}],"line":120},"15":{"loc":{"start":{"line":140,"column":4},"end":{"line":142,"column":5}},"type":"if","locations":[{"start":{"line":140,"column":4},"end":{"line":142,"column":5}},{"start":{},"end":{}}],"line":140},"16":{"loc":{"start":{"line":145,"column":4},"end":{"line":147,"column":5}},"type":"if","locations":[{"start":{"line":145,"column":4},"end":{"line":147,"column":5}},{"start":{},"end":{}}],"line":145},"17":{"loc":{"start":{"line":157,"column":4},"end":{"line":159,"column":5}},"type":"if","locations":[{"start":{"line":157,"column":4},"end":{"line":159,"column":5}},{"start":{},"end":{}}],"line":157},"18":{"loc":{"start":{"line":162,"column":4},"end":{"line":164,"column":5}},"type":"if","locations":[{"start":{"line":162,"column":4},"end":{"line":164,"column":5}},{"start":{},"end":{}}],"line":162},"19":{"loc":{"start":{"line":162,"column":8},"end":{"line":162,"column":69}},"type":"binary-expr","locations":[{"start":{"line":162,"column":8},"end":{"line":162,"column":25}},{"start":{"line":162,"column":29},"end":{"line":162,"column":69}}],"line":162},"20":{"loc":{"start":{"line":167,"column":4},"end":{"line":171,"column":5}},"type":"if","locations":[{"start":{"line":167,"column":4},"end":{"line":171,"column":5}},{"start":{},"end":{}}],"line":167},"21":{"loc":{"start":{"line":175,"column":4},"end":{"line":177,"column":5}},"type":"if","locations":[{"start":{"line":175,"column":4},"end":{"line":177,"column":5}},{"start":{},"end":{}}],"line":175}},"s":{"0":1,"1":1,"2":1,"3":1,"4":1,"5":1,"6":1,"7":1,"8":12,"9":12,"10":11,"11":1,"12":12,"13":1,"14":11,"15":2,"16":9,"17":1,"18":8,"19":1,"20":7,"21":7,"22":2,"23":2,"24":5,"25":5,"26":5,"27":9,"28":9,"29":3,"30":9,"31":9,"32":2,"33":7,"34":7,"35":1,"36":6,"37":6,"38":6,"39":6,"40":6,"41":6,"42":1,"43":6,"44":5,"45":1,"46":4,"47":4,"48":1,"49":3,"50":3,"51":1,"52":2,"53":2,"54":2,"55":2,"56":2,"57":4,"58":2,"59":2,"60":2,"61":1,"62":1,"63":10,"64":10,"65":1,"66":9,"67":1,"68":8,"69":8,"70":2,"71":2,"72":6,"73":6,"74":1,"75":5,"76":5,"77":5,"78":5,"79":1,"80":5,"81":1},"f":{"0":12,"1":9,"2":1,"3":5,"4":2,"5":4,"6":10,"7":1},"b":{"0":[11,1],"1":[1,11],"2":[2,9],"3":[11,10],"4":[1,8],"5":[9,1],"6":[1,7],"7":[2,5],"8":[3,6],"9":[2,7],"10":[1,6],"11":[7,2],"12":[1,4],"13":[1,3],"14":[1,2],"15":[2,2],"16":[1,1],"17":[1,9],"18":[1,8],"19":[9,1],"20":[2,6],"21":[1,5]},"_coverageSchema":"1a1c01bbd47fc00a2c39e90264f33305004495a9","hash":"b4d6f756821a0f3101b2a41930a95eae32bd083a"}
,"C:\\Users\\delfi\\OneDrive\\Documents\\taller-software\\users\\src\\modules\\users\\user.service.js": {"path":"C:\\Users\\delfi\\OneDrive\\Documents\\taller-software\\users\\src\\modules\\users\\user.service.js","statementMap":{"0":{"start":{"line":1,"column":15},"end":{"line":1,"column":34}},"1":{"start":{"line":2,"column":23},"end":{"line":2,"column":38}},"2":{"start":{"line":3,"column":27},"end":{"line":3,"column":55}},"3":{"start":{"line":4,"column":34},"end":{"line":4,"column":64}},"4":{"start":{"line":5,"column":21},"end":{"line":5,"column":62}},"5":{"start":{"line":7,"column":27},"end":{"line":7,"column":29}},"6":{"start":{"line":10,"column":15},"end":{"line":10,"column":25}},"7":{"start":{"line":11,"column":2},"end":{"line":11,"column":54}},"8":{"start":{"line":12,"column":2},"end":{"line":12,"column":14}},"9":{"start":{"line":15,"column":20},"end":{"line":145,"column":1}},"10":{"start":{"line":18,"column":18},"end":{"line":18,"column":43}},"11":{"start":{"line":19,"column":21},"end":{"line":19,"column":49}},"12":{"start":{"line":22,"column":26},"end":{"line":22,"column":65}},"13":{"start":{"line":23,"column":4},"end":{"line":25,"column":5}},"14":{"start":{"line":24,"column":6},"end":{"line":24,"column":61}},"15":{"start":{"line":28,"column":29},"end":{"line":28,"column":80}},"16":{"start":{"line":29,"column":4},"end":{"line":31,"column":5}},"17":{"start":{"line":30,"column":6},"end":{"line":30,"column":69}},"18":{"start":{"line":33,"column":4},"end":{"line":35,"column":5}},"19":{"start":{"line":34,"column":6},"end":{"line":34,"column":112}},"20":{"start":{"line":38,"column":25},"end":{"line":38,"column":62}},"21":{"start":{"line":41,"column":24},"end":{"line":41,"column":32}},"22":{"start":{"line":42,"column":22},"end":{"line":42,"column":38}},"23":{"start":{"line":44,"column":28},"end":{"line":44,"column":38}},"24":{"start":{"line":46,"column":17},"end":{"line":54,"column":6}},"25":{"start":{"line":57,"column":4},"end":{"line":59,"column":6}},"26":{"start":{"line":58,"column":6},"end":{"line":58,"column":62}},"27":{"start":{"line":61,"column":4},"end":{"line":61,"column":16}},"28":{"start":{"line":66,"column":17},"end":{"line":66,"column":62}},"29":{"start":{"line":67,"column":4},"end":{"line":69,"column":5}},"30":{"start":{"line":68,"column":6},"end":{"line":68,"column":68}},"31":{"start":{"line":71,"column":4},"end":{"line":71,"column":47}},"32":{"start":{"line":75,"column":17},"end":{"line":75,"column":70}},"33":{"start":{"line":76,"column":4},"end":{"line":78,"column":5}},"34":{"start":{"line":77,"column":6},"end":{"line":77,"column":68}},"35":{"start":{"line":80,"column":4},"end":{"line":82,"column":5}},"36":{"start":{"line":81,"column":6},"end":{"line":81,"column":61}},"37":{"start":{"line":85,"column":21},"end":{"line":85,"column":29}},"38":{"start":{"line":86,"column":25},"end":{"line":86,"column":41}},"39":{"start":{"line":88,"column":4},"end":{"line":88,"column":76}},"40":{"start":{"line":90,"column":4},"end":{"line":92,"column":6}},"41":{"start":{"line":91,"column":6},"end":{"line":91,"column":64}},"42":{"start":{"line":97,"column":17},"end":{"line":97,"column":54}},"43":{"start":{"line":98,"column":4},"end":{"line":100,"column":5}},"44":{"start":{"line":99,"column":6},"end":{"line":99,"column":55}},"45":{"start":{"line":103,"column":26},"end":{"line":103,"column":76}},"46":{"start":{"line":104,"column":4},"end":{"line":106,"column":5}},"47":{"start":{"line":105,"column":6},"end":{"line":105,"column":55}},"48":{"start":{"line":109,"column":4},"end":{"line":109,"column":45}},"49":{"start":{"line":113,"column":18},"end":{"line":113,"column":61}},"50":{"start":{"line":114,"column":4},"end":{"line":116,"column":5}},"51":{"start":{"line":115,"column":6},"end":{"line":115,"column":61}},"52":{"start":{"line":117,"column":4},"end":{"line":117,"column":17}},"53":{"start":{"line":121,"column":17},"end":{"line":121,"column":54}},"54":{"start":{"line":122,"column":4},"end":{"line":124,"column":5}},"55":{"start":{"line":123,"column":6},"end":{"line":123,"column":55}},"56":{"start":{"line":126,"column":20},"end":{"line":126,"column":22}},"57":{"start":{"line":128,"column":4},"end":{"line":131,"column":5}},"58":{"start":{"line":129,"column":26},"end":{"line":129,"column":102}},"59":{"start":{"line":130,"column":6},"end":{"line":130,"column":62}},"60":{"start":{"line":133,"column":4},"end":{"line":136,"column":5}},"61":{"start":{"line":134,"column":26},"end":{"line":134,"column":116}},"62":{"start":{"line":135,"column":6},"end":{"line":135,"column":80}},"63":{"start":{"line":138,"column":4},"end":{"line":140,"column":5}},"64":{"start":{"line":139,"column":6},"end":{"line":139,"column":70}},"65":{"start":{"line":142,"column":4},"end":{"line":142,"column":19}},"66":{"start":{"line":147,"column":0},"end":{"line":147,"column":33}}},"fnMap":{"0":{"name":"tokenExpiresAt","decl":{"start":{"line":9,"column":9},"end":{"line":9,"column":23}},"loc":{"start":{"line":9,"column":26},"end":{"line":13,"column":1}},"line":9},"1":{"name":"(anonymous_1)","decl":{"start":{"line":16,"column":2},"end":{"line":16,"column":3}},"loc":{"start":{"line":16,"column":24},"end":{"line":62,"column":3}},"line":16},"2":{"name":"(anonymous_2)","decl":{"start":{"line":57,"column":52},"end":{"line":57,"column":53}},"loc":{"start":{"line":58,"column":6},"end":{"line":58,"column":62}},"line":58},"3":{"name":"(anonymous_3)","decl":{"start":{"line":64,"column":2},"end":{"line":64,"column":3}},"loc":{"start":{"line":64,"column":27},"end":{"line":72,"column":3}},"line":64},"4":{"name":"(anonymous_4)","decl":{"start":{"line":74,"column":2},"end":{"line":74,"column":3}},"loc":{"start":{"line":74,"column":34},"end":{"line":93,"column":3}},"line":74},"5":{"name":"(anonymous_5)","decl":{"start":{"line":90,"column":63},"end":{"line":90,"column":64}},"loc":{"start":{"line":91,"column":6},"end":{"line":91,"column":64}},"line":91},"6":{"name":"(anonymous_6)","decl":{"start":{"line":96,"column":2},"end":{"line":96,"column":3}},"loc":{"start":{"line":96,"column":33},"end":{"line":110,"column":3}},"line":96},"7":{"name":"(anonymous_7)","decl":{"start":{"line":112,"column":2},"end":{"line":112,"column":3}},"loc":{"start":{"line":112,"column":31},"end":{"line":118,"column":3}},"line":112},"8":{"name":"(anonymous_8)","decl":{"start":{"line":120,"column":2},"end":{"line":120,"column":3}},"loc":{"start":{"line":120,"column":46},"end":{"line":143,"column":3}},"line":120}},"branchMap":{"0":{"loc":{"start":{"line":23,"column":4},"end":{"line":25,"column":5}},"type":"if","locations":[{"start":{"line":23,"column":4},"end":{"line":25,"column":5}},{"start":{},"end":{}}],"line":23},"1":{"loc":{"start":{"line":29,"column":4},"end":{"line":31,"column":5}},"type":"if","locations":[{"start":{"line":29,"column":4},"end":{"line":31,"column":5}},{"start":{},"end":{}}],"line":29},"2":{"loc":{"start":{"line":33,"column":4},"end":{"line":35,"column":5}},"type":"if","locations":[{"start":{"line":33,"column":4},"end":{"line":35,"column":5}},{"start":{},"end":{}}],"line":33},"3":{"loc":{"start":{"line":67,"column":4},"end":{"line":69,"column":5}},"type":"if","locations":[{"start":{"line":67,"column":4},"end":{"line":69,"column":5}},{"start":{},"end":{}}],"line":67},"4":{"loc":{"start":{"line":76,"column":4},"end":{"line":78,"column":5}},"type":"if","locations":[{"start":{"line":76,"column":4},"end":{"line":78,"column":5}},{"start":{},"end":{}}],"line":76},"5":{"loc":{"start":{"line":80,"column":4},"end":{"line":82,"column":5}},"type":"if","locations":[{"start":{"line":80,"column":4},"end":{"line":82,"column":5}},{"start":{},"end":{}}],"line":80},"6":{"loc":{"start":{"line":98,"column":4},"end":{"line":100,"column":5}},"type":"if","locations":[{"start":{"line":98,"column":4},"end":{"line":100,"column":5}},{"start":{},"end":{}}],"line":98},"7":{"loc":{"start":{"line":104,"column":4},"end":{"line":106,"column":5}},"type":"if","locations":[{"start":{"line":104,"column":4},"end":{"line":106,"column":5}},{"start":{},"end":{}}],"line":104},"8":{"loc":{"start":{"line":114,"column":4},"end":{"line":116,"column":5}},"type":"if","locations":[{"start":{"line":114,"column":4},"end":{"line":116,"column":5}},{"start":{},"end":{}}],"line":114},"9":{"loc":{"start":{"line":122,"column":4},"end":{"line":124,"column":5}},"type":"if","locations":[{"start":{"line":122,"column":4},"end":{"line":124,"column":5}},{"start":{},"end":{}}],"line":122},"10":{"loc":{"start":{"line":128,"column":4},"end":{"line":131,"column":5}},"type":"if","locations":[{"start":{"line":128,"column":4},"end":{"line":131,"column":5}},{"start":{},"end":{}}],"line":128},"11":{"loc":{"start":{"line":133,"column":4},"end":{"line":136,"column":5}},"type":"if","locations":[{"start":{"line":133,"column":4},"end":{"line":136,"column":5}},{"start":{},"end":{}}],"line":133},"12":{"loc":{"start":{"line":138,"column":4},"end":{"line":140,"column":5}},"type":"if","locations":[{"start":{"line":138,"column":4},"end":{"line":140,"column":5}},{"start":{},"end":{}}],"line":138}},"s":{"0":1,"1":1,"2":1,"3":1,"4":1,"5":1,"6":12,"7":12,"8":12,"9":1,"10":12,"11":12,"12":12,"13":12,"14":2,"15":10,"16":10,"17":1,"18":9,"19":1,"20":8,"21":8,"22":8,"23":8,"24":8,"25":8,"26":1,"27":8,"28":3,"29":3,"30":2,"31":1,"32":6,"33":6,"34":1,"35":5,"36":1,"37":4,"38":4,"39":4,"40":4,"41":1,"42":4,"43":4,"44":1,"45":3,"46":3,"47":1,"48":2,"49":2,"50":2,"51":1,"52":1,"53":5,"54":5,"55":1,"56":4,"57":4,"58":2,"59":2,"60":4,"61":2,"62":2,"63":4,"64":1,"65":3,"66":1},"f":{"0":12,"1":12,"2":1,"3":3,"4":6,"5":1,"6":4,"7":2,"8":5},"b":{"0":[2,10],"1":[1,9],"2":[1,8],"3":[2,1],"4":[1,5],"5":[1,4],"6":[1,3],"7":[1,2],"8":[1,1],"9":[1,4],"10":[2,2],"11":[2,2],"12":[1,3]},"_coverageSchema":"1a1c01bbd47fc00a2c39e90264f33305004495a9","hash":"76fd3b56a4899aa3b8a9cf31e6e367293a6d275e"}
}
