TN:
SF:src\modules\admin-auth\admin-auth.service.js
FN:13,(anonymous_0)
FN:65,(anonymous_1)
FN:71,(anonymous_2)
FN:90,(anonymous_3)
FNF:4
FNH:4
FNDA:10,(anonymous_0)
FNDA:2,(anonymous_1)
FNDA:7,(anonymous_2)
FNDA:1,(anonymous_3)
DA:1,1
DA:2,1
DA:3,1
DA:4,1
DA:5,1
DA:6,1
DA:9,1
DA:11,1
DA:14,10
DA:16,10
DA:17,1
DA:21,9
DA:22,1
DA:23,1
DA:26,8
DA:27,8
DA:28,2
DA:29,2
DA:33,6
DA:34,2
DA:35,1
DA:39,5
DA:42,5
DA:54,5
DA:66,2
DA:67,2
DA:72,7
DA:73,7
DA:74,1
DA:77,6
DA:78,6
DA:79,1
DA:82,5
DA:83,5
DA:84,1
DA:87,4
DA:88,4
DA:90,4
DA:91,1
DA:94,4
DA:98,1
LF:41
LH:41
BRDA:16,0,0,1
BRDA:16,0,1,9
BRDA:21,1,0,1
BRDA:21,1,1,8
BRDA:21,2,0,9
BRDA:21,2,1,1
BRDA:27,3,0,2
BRDA:27,3,1,6
BRDA:33,4,0,2
BRDA:33,4,1,4
BRDA:33,5,0,6
BRDA:33,5,1,2
BRDA:34,6,0,1
BRDA:34,6,1,1
BRDA:73,7,0,1
BRDA:73,7,1,6
BRDA:78,8,0,1
BRDA:78,8,1,5
BRDA:83,9,0,1
BRDA:83,9,1,4
BRF:20
BRH:20
end_of_record
TN:
SF:src\modules\admins\admin.service.js
FN:10,tempPasswordExpiresAt
FN:16,generateTempPassword
FN:22,(anonymous_2)
FN:48,(anonymous_3)
FN:60,(anonymous_4)
FN:76,(anonymous_5)
FNF:6
FNH:6
FNDA:8,tempPasswordExpiresAt
FNDA:8,generateTempPassword
FNDA:7,(anonymous_2)
FNDA:1,(anonymous_3)
FNDA:5,(anonymous_4)
FNDA:1,(anonymous_5)
DA:1,1
DA:2,1
DA:3,1
DA:4,1
DA:5,1
DA:6,1
DA:8,1
DA:11,8
DA:12,8
DA:13,8
DA:17,8
DA:20,1
DA:24,7
DA:25,2
DA:26,1
DA:30,6
DA:31,6
DA:32,1
DA:36,5
DA:37,5
DA:38,5
DA:40,5
DA:48,5
DA:49,1
DA:52,5
DA:61,5
DA:62,5
DA:63,1
DA:66,4
DA:67,1
DA:70,3
DA:71,3
DA:72,3
DA:74,3
DA:76,3
DA:77,1
DA:80,3
DA:88,1
LF:38
LH:38
BRDA:24,0,0,2
BRDA:24,0,1,5
BRDA:25,1,0,1
BRDA:25,1,1,1
BRDA:31,2,0,1
BRDA:31,2,1,5
BRDA:62,3,0,1
BRDA:62,3,1,4
BRDA:66,4,0,1
BRDA:66,4,1,3
BRF:10
BRH:10
end_of_record
TN:
SF:src\modules\auth\auth.service.js
FN:10,(anonymous_0)
FN:69,(anonymous_1)
FN:99,(anonymous_2)
FN:106,(anonymous_3)
FN:134,(anonymous_4)
FN:139,(anonymous_5)
FN:155,(anonymous_6)
FN:186,(anonymous_7)
FNF:8
FNH:8
FNDA:12,(anonymous_0)
FNDA:9,(anonymous_1)
FNDA:1,(anonymous_2)
FNDA:5,(anonymous_3)
FNDA:2,(anonymous_4)
FNDA:4,(anonymous_5)
FNDA:10,(anonymous_6)
FNDA:1,(anonymous_7)
DA:1,1
DA:2,1
DA:3,1
DA:4,1
DA:5,1
DA:6,1
DA:7,1
DA:9,1
DA:12,12
DA:13,12
DA:14,11
DA:16,1
DA:20,12
DA:21,1
DA:25,11
DA:26,2
DA:30,9
DA:32,1
DA:36,8
DA:37,1
DA:40,7
DA:41,7
DA:43,2
DA:44,2
DA:48,5
DA:51,5
DA:57,5
DA:71,9
DA:72,9
DA:73,3
DA:77,9
DA:79,9
DA:80,2
DA:84,7
DA:85,7
DA:88,1
DA:92,6
DA:93,6
DA:94,6
DA:96,6
DA:97,6
DA:99,6
DA:100,1
DA:103,6
DA:108,5
DA:109,1
DA:113,4
DA:114,4
DA:115,1
DA:119,3
DA:120,3
DA:121,1
DA:128,2
DA:129,2
DA:131,2
DA:135,2
DA:136,2
DA:140,4
DA:141,2
DA:144,2
DA:145,2
DA:146,1
DA:149,1
DA:156,10
DA:157,10
DA:158,1
DA:162,9
DA:163,1
DA:166,8
DA:167,8
DA:169,2
DA:170,2
DA:174,6
DA:175,6
DA:176,1
DA:180,5
DA:182,5
DA:183,5
DA:186,5
DA:187,1
DA:190,5
DA:194,1
LF:82
LH:82
BRDA:13,0,0,11
BRDA:13,0,1,1
BRDA:20,1,0,1
BRDA:20,1,1,11
BRDA:25,2,0,2
BRDA:25,2,1,9
BRDA:25,3,0,11
BRDA:25,3,1,10
BRDA:30,4,0,1
BRDA:30,4,1,8
BRDA:30,5,0,9
BRDA:30,5,1,1
BRDA:36,6,0,1
BRDA:36,6,1,7
BRDA:41,7,0,2
BRDA:41,7,1,5
BRDA:72,8,0,3
BRDA:72,8,1,6
BRDA:79,9,0,2
BRDA:79,9,1,7
BRDA:85,10,0,1
BRDA:85,10,1,6
BRDA:85,11,0,7
BRDA:85,11,1,2
BRDA:108,12,0,1
BRDA:108,12,1,4
BRDA:114,13,0,1
BRDA:114,13,1,3
BRDA:120,14,0,1
BRDA:120,14,1,2
BRDA:140,15,0,2
BRDA:140,15,1,2
BRDA:145,16,0,1
BRDA:145,16,1,1
BRDA:157,17,0,1
BRDA:157,17,1,9
BRDA:162,18,0,1
BRDA:162,18,1,8
BRDA:162,19,0,9
BRDA:162,19,1,1
BRDA:167,20,0,2
BRDA:167,20,1,6
BRDA:175,21,0,1
BRDA:175,21,1,5
BRF:44
BRH:44
end_of_record
TN:
SF:src\modules\users\user.service.js
FN:9,tokenExpiresAt
FN:16,(anonymous_1)
FN:57,(anonymous_2)
FN:64,(anonymous_3)
FN:74,(anonymous_4)
FN:90,(anonymous_5)
FN:96,(anonymous_6)
FN:112,(anonymous_7)
FN:120,(anonymous_8)
FNF:9
FNH:9
FNDA:12,tokenExpiresAt
FNDA:12,(anonymous_1)
FNDA:1,(anonymous_2)
FNDA:3,(anonymous_3)
FNDA:6,(anonymous_4)
FNDA:1,(anonymous_5)
FNDA:4,(anonymous_6)
FNDA:2,(anonymous_7)
FNDA:5,(anonymous_8)
DA:1,1
DA:2,1
DA:3,1
DA:4,1
DA:5,1
DA:7,1
DA:10,12
DA:11,12
DA:12,12
DA:15,1
DA:18,12
DA:19,12
DA:22,12
DA:23,12
DA:24,2
DA:28,10
DA:29,10
DA:30,1
DA:33,9
DA:34,1
DA:38,8
DA:41,8
DA:42,8
DA:44,8
DA:46,8
DA:57,8
DA:58,1
DA:61,8
DA:66,3
DA:67,3
DA:68,2
DA:71,1
DA:75,6
DA:76,6
DA:77,1
DA:80,5
DA:81,1
DA:85,4
DA:86,4
DA:88,4
DA:90,4
DA:91,1
DA:97,4
DA:98,4
DA:99,1
DA:103,3
DA:104,3
DA:105,1
DA:109,2
DA:113,2
DA:114,2
DA:115,1
DA:117,1
DA:121,5
DA:122,5
DA:123,1
DA:126,4
DA:128,4
DA:129,2
DA:130,2
DA:133,4
DA:134,2
DA:135,2
DA:138,4
DA:139,1
DA:142,3
DA:147,1
LF:67
LH:67
BRDA:23,0,0,2
BRDA:23,0,1,10
BRDA:29,1,0,1
BRDA:29,1,1,9
BRDA:33,2,0,1
BRDA:33,2,1,8
BRDA:67,3,0,2
BRDA:67,3,1,1
BRDA:76,4,0,1
BRDA:76,4,1,5
BRDA:80,5,0,1
BRDA:80,5,1,4
BRDA:98,6,0,1
BRDA:98,6,1,3
BRDA:104,7,0,1
BRDA:104,7,1,2
BRDA:114,8,0,1
BRDA:114,8,1,1
BRDA:122,9,0,1
BRDA:122,9,1,4
BRDA:128,10,0,2
BRDA:128,10,1,2
BRDA:133,11,0,2
BRDA:133,11,1,2
BRDA:138,12,0,1
BRDA:138,12,1,3
BRF:26
BRH:26
end_of_record
